Change Component DesignItemId : Designator=C11 Old DesignItemId=CC_33nF_0603 New DesignItemId=CC_10nF_0603
Change Component Comment : Designator=C11 Old Comment=33nF New Comment=10nF
Change Component Description : Designator=C11 Old Description=CAP CER 33nF X7R +-10% 50V 0603 New Description=CAP CER 10nF X7R +-10% 50V 0603
Change component parameters: Designator = "C1"; Footprint = "FP-ESLGM-MFG"; UniqueID = "\MWPJGJOS"
Change component parameters. Clean all parameters for all variants
Change component parameters (AddParameter): Name = "Automotive"; Value = "No"; VariantName = "[No Variations]"
Change component parameters (AddParameter): Name = "Capacitance"; Value = "100uF"; VariantName = "[No Variations]"
Change component parameters (AddParameter): Name = "Category"; Value = "Cap"; VariantName = "[No Variations]"
Change component parameters (AddParameter): Name = "ComponentLink2Description"; Value = "Datasheet"; VariantName = "[No Variations]"
Change component parameters (AddParameter): Name = "ComponentLink2URL"; Value = "https://content.kemet.com/datasheets/KEM_A4074_ESL.pdf"; VariantName = "[No Variations]"
Change component parameters (AddParameter): Name = "Device Class L1"; Value = "Passive Components"; VariantName = "[No Variations]"
Change component parameters (AddParameter): Name = "Device Class L2"; Value = "Capacitors"; VariantName = "[No Variations]"
Change component parameters (AddParameter): Name = "Device Class L3"; Value = "Aluminum Electrolytic Capacitors"; VariantName = "[No Variations]"
Change component parameters (AddParameter): Name = "Digikey Description"; Value = "CAP ALUM 100UF 20% 50V THRU HOLE"; VariantName = "[No Variations]"
Change component parameters (AddParameter): Name = "Dissipation Factor"; Value = "10%"; VariantName = "[No Variations]"
Change component parameters (AddParameter): Name = "Esr"; Value = "0.12O"; VariantName = "[No Variations]"
Change component parameters (AddParameter): Name = "Height"; Value = "13.5mm"; VariantName = "[No Variations]"
Change component parameters (AddParameter): Name = "Lead Free"; Value = "Yes"; VariantName = "[No Variations]"
Change component parameters (AddParameter): Name = "Leakage Current"; Value = "50uA"; VariantName = "[No Variations]"
Change component parameters (AddParameter): Name = "Life"; Value = "10000Hours"; VariantName = "[No Variations]"
Change component parameters (AddParameter): Name = "Manufacturer"; Value = "KEMET"; VariantName = "[No Variations]"
Change component parameters (AddParameter): Name = "Manufacturer Part Number"; Value = "ESL107M050AGMAA"; VariantName = "[No Variations]"
Change component parameters (AddParameter): Name = "Material"; Value = "Aluminum"; VariantName = "[No Variations]"
Change component parameters (AddParameter): Name = "Octopart"; Value = "https://octopart.com/esl107m050agmaa-kemet-84758890"; VariantName = "[No Variations]"
Change component parameters (AddParameter): Name = "Package"; Value = "ESLGM"; VariantName = "[No Variations]"
Change component parameters (AddParameter): Name = "Ripple Current"; Value = "725mA"; VariantName = "[No Variations]"
Change component parameters (AddParameter): Name = "RoHS"; Value = "TRUE"; VariantName = "[No Variations]"
Change component parameters (AddParameter): Name = "Temperature"; Value = "-40°C to +105°C"; VariantName = "[No Variations]"
Change component parameters (AddParameter): Name = "Temperature Range High"; Value = "+105°C"; VariantName = "[No Variations]"
Change component parameters (AddParameter): Name = "Temperature Range Low"; Value = "-40°C"; VariantName = "[No Variations]"
Change component parameters (AddParameter): Name = "Tolerance"; Value = "20%"; VariantName = "[No Variations]"
Change component parameters (AddParameter): Name = "Value"; Value = "100uF"; VariantName = "[No Variations]"
Change component parameters (AddParameter): Name = "Voltage Rating"; Value = "50V"; VariantName = "[No Variations]"
Change component parameters: Designator = "C3"; Footprint = "FP-ESLE3-MFG"; UniqueID = "\AEZNRQAK"
Change component parameters. Clean all parameters for all variants
Change component parameters (AddParameter): Name = "Automotive"; Value = "No"; VariantName = "[No Variations]"
Change component parameters (AddParameter): Name = "Capacitance"; Value = "10uF"; VariantName = "[No Variations]"
Change component parameters (AddParameter): Name = "Category"; Value = "Cap"; VariantName = "[No Variations]"
Change component parameters (AddParameter): Name = "ComponentLink2Description"; Value = "Datasheet"; VariantName = "[No Variations]"
Change component parameters (AddParameter): Name = "ComponentLink2URL"; Value = "https://content.kemet.com/datasheets/KEM_A4074_ESL.pdf"; VariantName = "[No Variations]"
Change component parameters (AddParameter): Name = "Device Class L1"; Value = "Passive Components"; VariantName = "[No Variations]"
Change component parameters (AddParameter): Name = "Device Class L2"; Value = "Capacitors"; VariantName = "[No Variations]"
Change component parameters (AddParameter): Name = "Device Class L3"; Value = "Aluminum Electrolytic Capacitors"; VariantName = "[No Variations]"
Change component parameters (AddParameter): Name = "Digikey Description"; Value = "CAP ALUM 10UF 20% 100V THRU HOLE"; VariantName = "[No Variations]"
Change component parameters (AddParameter): Name = "Dissipation Factor"; Value = "9%"; VariantName = "[No Variations]"
Change component parameters (AddParameter): Name = "Esr"; Value = "0.68O"; VariantName = "[No Variations]"
Change component parameters (AddParameter): Name = "Height"; Value = "12.5mm"; VariantName = "[No Variations]"
Change component parameters (AddParameter): Name = "Lead Free"; Value = "Yes"; VariantName = "[No Variations]"
Change component parameters (AddParameter): Name = "Leakage Current"; Value = "10uA"; VariantName = "[No Variations]"
Change component parameters (AddParameter): Name = "Life"; Value = "10000Hours"; VariantName = "[No Variations]"
Change component parameters (AddParameter): Name = "Manufacturer"; Value = "kemet"; VariantName = "[No Variations]"
Change component parameters (AddParameter): Name = "Manufacturer Part Number"; Value = "ESL106M100AE3AA"; VariantName = "[No Variations]"
Change component parameters (AddParameter): Name = "Material"; Value = "Aluminum"; VariantName = "[No Variations]"
Change component parameters (AddParameter): Name = "Mouser Description"; Value = "Cap, 10UF, 100V, Alu Elec, Radial"; VariantName = "[No Variations]"
Change component parameters (AddParameter): Name = "Octopart"; Value = "https://octopart.com/esl106m100ae3aa-kemet-84758885"; VariantName = "[No Variations]"
Change component parameters (AddParameter): Name = "Package"; Value = "ESLE3"; VariantName = "[No Variations]"
Change component parameters (AddParameter): Name = "Ripple Current"; Value = "280mA"; VariantName = "[No Variations]"
Change component parameters (AddParameter): Name = "RoHS"; Value = "TRUE"; VariantName = "[No Variations]"
Change component parameters (AddParameter): Name = "Temperature"; Value = "-40°C to +105°C"; VariantName = "[No Variations]"
Change component parameters (AddParameter): Name = "Temperature Range High"; Value = "+105°C"; VariantName = "[No Variations]"
Change component parameters (AddParameter): Name = "Temperature Range Low"; Value = "-40°C"; VariantName = "[No Variations]"
Change component parameters (AddParameter): Name = "Tolerance"; Value = "20%"; VariantName = "[No Variations]"
Change component parameters (AddParameter): Name = "Value"; Value = "10uF"; VariantName = "[No Variations]"
Change component parameters (AddParameter): Name = "Voltage Rating"; Value = "100V"; VariantName = "[No Variations]"
Change component parameters: Designator = "C11"; Footprint = "CAPC1608L"; UniqueID = "\XHDCLKQM"
Change component parameters. Clean all parameters for all variants
Change component parameters (AddParameter): Name = "Code_IPC"; Value = "1608 [0603]"; VariantName = "[No Variations]"
Change component parameters (AddParameter): Name = "Note"; Value = ""; VariantName = "[No Variations]"
Change component parameters (AddParameter): Name = "PackageReference"; Value = "0603"; VariantName = "[No Variations]"
Change component parameters (AddParameter): Name = "Storage Location"; Value = "PCB Assembly WS"; VariantName = "[No Variations]"
Change component parameters (AddParameter): Name = "Supplier"; Value = "ECE Dept"; VariantName = "[No Variations]"
Change component parameters (AddParameter): Name = "Value"; Value = "10nF"; VariantName = "[No Variations]"
Change component parameters (AddParameter): Name = "Verify"; Value = ""; VariantName = "[No Variations]"
Added Member To Class: ClassName=Connectors&TestPoints Member=Component 5V TP
Added Member To Class: ClassName=Connectors&TestPoints Member=Component 15V TP
Added Member To Class: ClassName=Connectors&TestPoints Member=Component 24V TP
Added Member To Class: ClassName=Connectors&TestPoints Member=Component GND1 TP
Added Member To Class: ClassName=Connectors&TestPoints Member=Component GND2 TP
Added Member To Class: ClassName=Connectors&TestPoints Member=Component GND3 TP
Added Member To Class: ClassName=Connectors&TestPoints Member=Component GND4 TP
Added Member To Class: ClassName=Connectors&TestPoints Member=Component GND5 TP
Added Member To Class: ClassName=Connectors&TestPoints Member=Component I_sense TP
Added Member To Class: ClassName=Connectors&TestPoints Member=Component P\W\M\ TP
Added Member To Class: ClassName=Connectors&TestPoints Member=Component PWM TP
Added Member To Class: ClassName=Connectors&TestPoints Member=Component R39 0R
Added Member To Class: ClassName=Connectors&TestPoints Member=Component RT/CT TP
Added Member To Class: ClassName=Connectors&TestPoints Member=Component Vout_LEM TP
Added Member To Class: ClassName=Connectors&TestPoints Member=Component Vref_LEM TP
Added Room: Name=Connectors&TestPoints
Added Room: Name=main
