Change Component Footprint: Designator=C2 Old Footprint=CAPPR2-5X11 New Footprint=C
Change Component Footprint: Designator=C3 Old Footprint=CAPPR2-5X11 New Footprint=C
Change Component Footprint: Designator=C4 Old Footprint=CAPPR2-5X11 New Footprint=C
Change Component Comment : Designator=C2 Old Comment=EKA00AA210L00 New Comment=94SA226X0020CBP
Change Component Comment : Designator=C3 Old Comment=EKA00AA210L00 New Comment=94SA226X0020CBP
Change Component Comment : Designator=C4 Old Comment=EKA00AA210L00 New Comment=94SA226X0020CBP
Change component parameters: Designator = "C2"; Footprint = "C"; UniqueID = "\XWKLEIOM"
Change component parameters. Clean all parameters for all variants
Change component parameters (AddParameter): Name = "ComponentLink1Description"; Value = "Manufacturer Link"; VariantName = "[No Variations]"
Change component parameters (AddParameter): Name = "ComponentLink1URL"; Value = "http://www.vishay.com/"; VariantName = "[No Variations]"
Change component parameters (AddParameter): Name = "ComponentLink2Description"; Value = "Datasheet"; VariantName = "[No Variations]"
Change component parameters (AddParameter): Name = "ComponentLink2URL"; Value = "http://www.vishay.com/docs/90003/94sa.pdf"; VariantName = "[No Variations]"
Change component parameters (AddParameter): Name = "DatasheetDocument"; Value = "29-Jun-2001"; VariantName = "[No Variations]"
Change component parameters (AddParameter): Name = "DrillSize"; Value = "Nominal, Rounded to the nearest 0.05mm"; VariantName = "[No Variations]"
Change component parameters (AddParameter): Name = "Note"; Value = "Part Numbers shown are for ± 20% capacitance tolerance (X0)."; VariantName = "[No Variations]"
Change component parameters (AddParameter): Name = "PackageReference"; Value = "C"; VariantName = "[No Variations]"
Change component parameters (AddParameter): Name = "PCB_Layout"; Value = "Complies with Manufacturer's Recommendation."; VariantName = "[No Variations]"
Change component parameters (AddParameter): Name = "Published"; Value = "19-Mar-2004"; VariantName = "[No Variations]"
Change component parameters (AddParameter): Name = "Publisher"; Value = "Altium Limited"; VariantName = "[No Variations]"
Change component parameters (AddParameter): Name = "Value"; Value = "22uF"; VariantName = "[No Variations]"
Change component parameters: Designator = "C3"; Footprint = "C"; UniqueID = "\DQKMJCUO"
Change component parameters. Clean all parameters for all variants
Change component parameters (AddParameter): Name = "ComponentLink1Description"; Value = "Manufacturer Link"; VariantName = "[No Variations]"
Change component parameters (AddParameter): Name = "ComponentLink1URL"; Value = "http://www.vishay.com/"; VariantName = "[No Variations]"
Change component parameters (AddParameter): Name = "ComponentLink2Description"; Value = "Datasheet"; VariantName = "[No Variations]"
Change component parameters (AddParameter): Name = "ComponentLink2URL"; Value = "http://www.vishay.com/docs/90003/94sa.pdf"; VariantName = "[No Variations]"
Change component parameters (AddParameter): Name = "DatasheetDocument"; Value = "29-Jun-2001"; VariantName = "[No Variations]"
Change component parameters (AddParameter): Name = "DrillSize"; Value = "Nominal, Rounded to the nearest 0.05mm"; VariantName = "[No Variations]"
Change component parameters (AddParameter): Name = "Note"; Value = "Part Numbers shown are for ± 20% capacitance tolerance (X0)."; VariantName = "[No Variations]"
Change component parameters (AddParameter): Name = "PackageReference"; Value = "C"; VariantName = "[No Variations]"
Change component parameters (AddParameter): Name = "PCB_Layout"; Value = "Complies with Manufacturer's Recommendation."; VariantName = "[No Variations]"
Change component parameters (AddParameter): Name = "Published"; Value = "19-Mar-2004"; VariantName = "[No Variations]"
Change component parameters (AddParameter): Name = "Publisher"; Value = "Altium Limited"; VariantName = "[No Variations]"
Change component parameters (AddParameter): Name = "Value"; Value = "22uF"; VariantName = "[No Variations]"
Change component parameters: Designator = "C4"; Footprint = "C"; UniqueID = "\VZHPIIXH"
Change component parameters. Clean all parameters for all variants
Change component parameters (AddParameter): Name = "ComponentLink1Description"; Value = "Manufacturer Link"; VariantName = "[No Variations]"
Change component parameters (AddParameter): Name = "ComponentLink1URL"; Value = "http://www.vishay.com/"; VariantName = "[No Variations]"
Change component parameters (AddParameter): Name = "ComponentLink2Description"; Value = "Datasheet"; VariantName = "[No Variations]"
Change component parameters (AddParameter): Name = "ComponentLink2URL"; Value = "http://www.vishay.com/docs/90003/94sa.pdf"; VariantName = "[No Variations]"
Change component parameters (AddParameter): Name = "DatasheetDocument"; Value = "29-Jun-2001"; VariantName = "[No Variations]"
Change component parameters (AddParameter): Name = "DrillSize"; Value = "Nominal, Rounded to the nearest 0.05mm"; VariantName = "[No Variations]"
Change component parameters (AddParameter): Name = "Note"; Value = "Part Numbers shown are for ± 20% capacitance tolerance (X0)."; VariantName = "[No Variations]"
Change component parameters (AddParameter): Name = "PackageReference"; Value = "C"; VariantName = "[No Variations]"
Change component parameters (AddParameter): Name = "PCB_Layout"; Value = "Complies with Manufacturer's Recommendation."; VariantName = "[No Variations]"
Change component parameters (AddParameter): Name = "Published"; Value = "19-Mar-2004"; VariantName = "[No Variations]"
Change component parameters (AddParameter): Name = "Publisher"; Value = "Altium Limited"; VariantName = "[No Variations]"
Change component parameters (AddParameter): Name = "Value"; Value = "22uF"; VariantName = "[No Variations]"
