Removed Pin From Net: NetName=24V Pin=F1-2
Removed Pin From Net: NetName=24V_pos Pin=H6-1
Removed Pin From Net: NetName=24V_neg Pin=T1-3
Added Component: Designator=R28(RESC1608L)
Add component. Clean all parameters for all variants
Add component (AddParameter): Name = "Storage Location"; Value = "PCB Assembly WS"; VariantName = "[No Variations]"
Add component (AddParameter): Name = "Supplier"; Value = "ECE Dept"; VariantName = "[No Variations]"
Add component (AddParameter): Name = "Value"; Value = "0R"; VariantName = "[No Variations]"
Added Component: Designator=R30(RESC1608L)
Add component. Clean all parameters for all variants
Add component (AddParameter): Name = "Storage Location"; Value = "PCB Assembly WS"; VariantName = "[No Variations]"
Add component (AddParameter): Name = "Supplier"; Value = "ECE Dept"; VariantName = "[No Variations]"
Add component (AddParameter): Name = "Value"; Value = "0R"; VariantName = "[No Variations]"
Added Component: Designator=R31(RESC1608L)
Add component. Clean all parameters for all variants
Add component (AddParameter): Name = "Storage Location"; Value = "PCB Assembly WS"; VariantName = "[No Variations]"
Add component (AddParameter): Name = "Supplier"; Value = "ECE Dept"; VariantName = "[No Variations]"
Add component (AddParameter): Name = "Value"; Value = "0R"; VariantName = "[No Variations]"
Added Pin To Net: NetName=24V Pin=R28-2
Added Pin To Net: NetName=24V_pos Pin=R30-2
Added Pin To Net: NetName=24V_neg Pin=R31-1
Change Net Name : Old Net Name=24V_pos New Net Name=NetC14_2
Added Pin To Net: NetName=24V_pos Pin=H6-1
Added Pin To Net: NetName=24V_pos Pin=R30-1
Added Net: Name=24V_pos
Added Pin To Net: NetName=NetF1_2 Pin=F1-2
Added Pin To Net: NetName=NetF1_2 Pin=R28-1
Added Net: Name=NetF1_2
Added Pin To Net: NetName=NetR31_2 Pin=R31-2
Added Pin To Net: NetName=NetR31_2 Pin=T1-3
Added Net: Name=NetR31_2
Added Member To Class: ClassName=Connectors&TestPoints Member=Component R28 0R
Added Member To Class: ClassName=Connectors&TestPoints Member=Component R30 0R
Added Member To Class: ClassName=Connectors&TestPoints Member=Component R31 0R
Added Room: Name=Connectors&TestPoints
Added Room: Name=main
