Removed Pin From Net: NetName=I_sense Pin=C8-2
Removed Pin From Net: NetName=Volt_Atten_out Pin=IC1-6
Removed Pin From Net: NetName=Volt_Atten_out Pin=IC1-7
Removed Pin From Net: NetName=LPF1_OUT Pin=IC1-8
Removed Pin From Net: NetName=LPF1_OUT Pin=IC1-9
Removed Pin From Net: NetName=LPF2_IN Pin=IC1-14
Removed Pin From Net: NetName=PWM Pin=IC2-6
Removed Pin From Net: NetName=slope_comp1 Pin=IC3-1
Removed Pin From Net: NetName=slope_comp1 Pin=IC3-2
Removed Pin From Net: NetName=slope_comp2 Pin=IC3-6
Removed Pin From Net: NetName=slope_comp2 Pin=IC3-7
Removed Pin From Net: NetName=P\W\M\ Pin=Q2-3
Removed Pin From Net: NetName=LPF2_IN Pin=R3-2
Removed Pin From Net: NetName=LPF2_IN Pin=R8-1
Removed Pin From Net: NetName=I_sense Pin=R8-2
Removed Pin From Net: NetName=NetIC1_2 Pin=R14-1
Removed Pin From Net: NetName=NetIC1_1 Pin=R14-2
Removed Pin From Net: NetName=P\W\M\ Pin=R15-1
Removed Pin From Net: NetName=5V Pin=R15-2
Removed Pin From Net: NetName=Volt_Atten_out Pin=R16-1
Removed Pin From Net: NetName=NetIC1_2 Pin=R16-2
Removed Pin From Net: NetName=NetIC1_1 Pin=R17-1
Removed Pin From Net: NetName=Error_OpAmp_OUT Pin=R17-2
Removed Pin From Net: NetName=Vref_LEM Pin=R21-1
Removed Pin From Net: NetName=NetIC1_3 Pin=R21-2
Change Component Footprint: Designator=R14 Old Footprint=RESC1608N New Footprint=RESC1608L
Change Component Footprint: Designator=R16 Old Footprint=RESC1608N New Footprint=RESC1608L
Change Component Footprint: Designator=R19 Old Footprint=RESC1608N New Footprint=RESC1608L
Change Component Footprint: Designator=R21 Old Footprint=RESC1608N New Footprint=RESC1608L
Change Component Comment : Designator=C8 Old Comment=1uF New Comment=1nF
Change Component Comment : Designator=R17 Old Comment=5K1 New Comment=0R
Change Component Comment : Designator=R27 Old Comment=10K New Comment=100K
Change Component Comment : Designator=R14 Old Comment=47K New Comment=0R
Change Component Comment : Designator=R16 Old Comment=47K New Comment=0R
Change Component Comment : Designator=R21 Old Comment=47K New Comment=0R
Change Component Comment : Designator=R19 Old Comment=47K New Comment=10K
Change Component Comment : Designator=R8 Old Comment=150K New Comment=150R
Change component parameters: Designator = "R8"; Footprint = "RESC1608L"; UniqueID = "\OVRCFGAW"
Change component parameters. Clean all parameters for all variants
Change component parameters (AddParameter): Name = "Storage Location"; Value = "PCB Assembly WS"; VariantName = "[No Variations]"
Change component parameters (AddParameter): Name = "Supplier"; Value = "ECE Dept"; VariantName = "[No Variations]"
Change component parameters (AddParameter): Name = "Value"; Value = "150R"; VariantName = "[No Variations]"
Change component parameters: Designator = "R14"; Footprint = "RESC1608L"; UniqueID = "\WXFVAOJB"
Change component parameters. Clean all parameters for all variants
Change component parameters (AddParameter): Name = "Storage Location"; Value = "PCB Assembly WS"; VariantName = "[No Variations]"
Change component parameters (AddParameter): Name = "Supplier"; Value = "ECE Dept"; VariantName = "[No Variations]"
Change component parameters (AddParameter): Name = "Value"; Value = "0R"; VariantName = "[No Variations]"
Change component parameters: Designator = "R16"; Footprint = "RESC1608L"; UniqueID = "\TXOPFHQO"
Change component parameters. Clean all parameters for all variants
Change component parameters (AddParameter): Name = "Storage Location"; Value = "PCB Assembly WS"; VariantName = "[No Variations]"
Change component parameters (AddParameter): Name = "Supplier"; Value = "ECE Dept"; VariantName = "[No Variations]"
Change component parameters (AddParameter): Name = "Value"; Value = "0R"; VariantName = "[No Variations]"
Change component parameters: Designator = "R17"; Footprint = "RESC1608L"; UniqueID = "\NKEERAOM"
Change component parameters. Clean all parameters for all variants
Change component parameters (AddParameter): Name = "Storage Location"; Value = "PCB Assembly WS"; VariantName = "[No Variations]"
Change component parameters (AddParameter): Name = "Supplier"; Value = "ECE Dept"; VariantName = "[No Variations]"
Change component parameters (AddParameter): Name = "Value"; Value = "0R"; VariantName = "[No Variations]"
Change component parameters: Designator = "R19"; Footprint = "RESC1608L"; UniqueID = "\VAZAFNRZ"
Change component parameters. Clean all parameters for all variants
Change component parameters (AddParameter): Name = "Storage Location"; Value = "PCB Assembly WS"; VariantName = "[No Variations]"
Change component parameters (AddParameter): Name = "Supplier"; Value = "ECE Dept"; VariantName = "[No Variations]"
Change component parameters (AddParameter): Name = "Value"; Value = "10K"; VariantName = "[No Variations]"
Change component parameters: Designator = "R21"; Footprint = "RESC1608L"; UniqueID = "\JZYWGDJF"
Change component parameters. Clean all parameters for all variants
Change component parameters (AddParameter): Name = "Storage Location"; Value = "PCB Assembly WS"; VariantName = "[No Variations]"
Change component parameters (AddParameter): Name = "Supplier"; Value = "ECE Dept"; VariantName = "[No Variations]"
Change component parameters (AddParameter): Name = "Value"; Value = "0R"; VariantName = "[No Variations]"
Change component parameters: Designator = "R27"; Footprint = "RESC1608L"; UniqueID = "\KAPOQWFY"
Change component parameters. Clean all parameters for all variants
Change component parameters (AddParameter): Name = "Storage Location"; Value = "PCB Assembly WS"; VariantName = "[No Variations]"
Change component parameters (AddParameter): Name = "Supplier"; Value = "ECE Dept"; VariantName = "[No Variations]"
Change component parameters (AddParameter): Name = "Value"; Value = "100K"; VariantName = "[No Variations]"
Change component parameters: Designator = "C8"; Footprint = "CAPC1608L"; UniqueID = "\CRVCZCWN"
Change component parameters. Clean all parameters for all variants
Change component parameters (AddParameter): Name = "Code_IPC"; Value = "1608 [0603]"; VariantName = "[No Variations]"
Change component parameters (AddParameter): Name = "Note"; Value = ""; VariantName = "[No Variations]"
Change component parameters (AddParameter): Name = "PackageReference"; Value = "0603"; VariantName = "[No Variations]"
Change component parameters (AddParameter): Name = "Storage Location"; Value = "PCB Assembly WS"; VariantName = "[No Variations]"
Change component parameters (AddParameter): Name = "Supplier"; Value = "ECE Dept"; VariantName = "[No Variations]"
Change component parameters (AddParameter): Name = "Value"; Value = "1nF"; VariantName = "[No Variations]"
Change component parameters (AddParameter): Name = "Verify"; Value = ""; VariantName = "[No Variations]"
Added Component: Designator=R7(RESC1608L)
Add component. Clean all parameters for all variants
Add component (AddParameter): Name = "Storage Location"; Value = "PCB Assembly WS"; VariantName = "[No Variations]"
Add component (AddParameter): Name = "Supplier"; Value = "ECE Dept"; VariantName = "[No Variations]"
Add component (AddParameter): Name = "Value"; Value = "10K"; VariantName = "[No Variations]"
Added Component: Designator=R9(RESC1608L)
Add component. Clean all parameters for all variants
Add component (AddParameter): Name = "Storage Location"; Value = "PCB Assembly WS"; VariantName = "[No Variations]"
Add component (AddParameter): Name = "Supplier"; Value = "ECE Dept"; VariantName = "[No Variations]"
Add component (AddParameter): Name = "Value"; Value = "10K"; VariantName = "[No Variations]"
Added Component: Designator=R10(RESC1608L)
Add component. Clean all parameters for all variants
Add component (AddParameter): Name = "Storage Location"; Value = "PCB Assembly WS"; VariantName = "[No Variations]"
Add component (AddParameter): Name = "Supplier"; Value = "ECE Dept"; VariantName = "[No Variations]"
Add component (AddParameter): Name = "Value"; Value = "10K"; VariantName = "[No Variations]"
Added Component: Designator=R18(RESC1608L)
Add component. Clean all parameters for all variants
Add component (AddParameter): Name = "Storage Location"; Value = "PCB Assembly WS"; VariantName = "[No Variations]"
Add component (AddParameter): Name = "Supplier"; Value = "ECE Dept"; VariantName = "[No Variations]"
Add component (AddParameter): Name = "Value"; Value = "0R"; VariantName = "[No Variations]"
Added Component: Designator=R20(RESC1608L)
Add component. Clean all parameters for all variants
Add component (AddParameter): Name = "Storage Location"; Value = "PCB Assembly WS"; VariantName = "[No Variations]"
Add component (AddParameter): Name = "Supplier"; Value = "ECE Dept"; VariantName = "[No Variations]"
Add component (AddParameter): Name = "Value"; Value = "0R"; VariantName = "[No Variations]"
Added Component: Designator=R23(RESC1608L)
Add component. Clean all parameters for all variants
Add component (AddParameter): Name = "Storage Location"; Value = "PCB Assembly WS"; VariantName = "[No Variations]"
Add component (AddParameter): Name = "Supplier"; Value = "ECE Dept"; VariantName = "[No Variations]"
Add component (AddParameter): Name = "Value"; Value = "0R"; VariantName = "[No Variations]"
Added Component: Designator=R25(RESC1608L)
Add component. Clean all parameters for all variants
Add component (AddParameter): Name = "Storage Location"; Value = "PCB Assembly WS"; VariantName = "[No Variations]"
Add component (AddParameter): Name = "Supplier"; Value = "ECE Dept"; VariantName = "[No Variations]"
Add component (AddParameter): Name = "Value"; Value = "0R"; VariantName = "[No Variations]"
Added Component: Designator=R26(RESC1608L)
Add component. Clean all parameters for all variants
Add component (AddParameter): Name = "Storage Location"; Value = "PCB Assembly WS"; VariantName = "[No Variations]"
Add component (AddParameter): Name = "Supplier"; Value = "ECE Dept"; VariantName = "[No Variations]"
Add component (AddParameter): Name = "Value"; Value = "0R"; VariantName = "[No Variations]"
Added Pin To Net: NetName=NetIC1_2 Pin=R7-1
Added Pin To Net: NetName=NetIC1_1 Pin=R7-2
Added Pin To Net: NetName=Volt_Atten_out Pin=R9-1
Added Pin To Net: NetName=NetIC1_2 Pin=R9-2
Added Pin To Net: NetName=Vref_LEM Pin=R10-1
Added Pin To Net: NetName=NetIC1_3 Pin=R10-2
Added Pin To Net: NetName=LPF2_IN Pin=R14-2
Added Pin To Net: NetName=15V Pin=R15-2
Added Pin To Net: NetName=slope_comp1 Pin=R16-2
Added Pin To Net: NetName=slope_comp2 Pin=R17-2
Added Pin To Net: NetName=Volt_Atten_out Pin=R18-2
Added Pin To Net: NetName=NetIC1_1 Pin=R20-1
Added Pin To Net: NetName=Error_OpAmp_OUT Pin=R20-2
Added Pin To Net: NetName=P\W\M\ Pin=R21-2
Added Pin To Net: NetName=I_sense Pin=R23-2
Added Pin To Net: NetName=PWM Pin=R25-2
Added Pin To Net: NetName=LPF1_OUT Pin=R26-2
Added Pin To Net: NetName=NetC8_2 Pin=C8-2
Added Pin To Net: NetName=NetC8_2 Pin=R8-2
Added Pin To Net: NetName=NetC8_2 Pin=R23-1
Added Net: Name=NetC8_2
Added Pin To Net: NetName=NetIC1_6 Pin=IC1-6
Added Pin To Net: NetName=NetIC1_6 Pin=IC1-7
Added Pin To Net: NetName=NetIC1_6 Pin=R18-1
Added Net: Name=NetIC1_6
Added Pin To Net: NetName=NetIC1_8 Pin=IC1-8
Added Pin To Net: NetName=NetIC1_8 Pin=IC1-9
Added Pin To Net: NetName=NetIC1_8 Pin=R26-1
Added Net: Name=NetIC1_8
Added Pin To Net: NetName=NetIC1_14 Pin=IC1-14
Added Pin To Net: NetName=NetIC1_14 Pin=R3-2
Added Pin To Net: NetName=NetIC1_14 Pin=R14-1
Added Net: Name=NetIC1_14
Added Pin To Net: NetName=NetIC2_6 Pin=IC2-6
Added Pin To Net: NetName=NetIC2_6 Pin=R25-1
Added Net: Name=NetIC2_6
Added Pin To Net: NetName=NetIC3_1 Pin=IC3-1
Added Pin To Net: NetName=NetIC3_1 Pin=IC3-2
Added Pin To Net: NetName=NetIC3_1 Pin=R16-1
Added Net: Name=NetIC3_1
Added Pin To Net: NetName=NetIC3_6 Pin=IC3-6
Added Pin To Net: NetName=NetIC3_6 Pin=IC3-7
Added Pin To Net: NetName=NetIC3_6 Pin=R17-1
Added Net: Name=NetIC3_6
Added Pin To Net: NetName=NetQ2_3 Pin=Q2-3
Added Pin To Net: NetName=NetQ2_3 Pin=R15-1
Added Pin To Net: NetName=NetQ2_3 Pin=R21-1
Added Net: Name=NetQ2_3
Added Member To Class: ClassName=main Member=Component R7 10K
Added Member To Class: ClassName=main Member=Component R9 10K
Added Member To Class: ClassName=main Member=Component R10 10K
Added Member To Class: ClassName=main Member=Component R18 0R
Added Member To Class: ClassName=main Member=Component R20 0R
Added Member To Class: ClassName=main Member=Component R23 0R
Added Member To Class: ClassName=main Member=Component R25 0R
Added Member To Class: ClassName=main Member=Component R26 0R
Added Room: Name=Connectors&TestPoints
Added Room: Name=main
