Change Component Footprint: Designator=C2 Old Footprint=NIC-UVR-10x12.5-2_V New Footprint=NIC-UVC8x16-2_V
Change Component Footprint: Designator=C3 Old Footprint=NIC-UVR-10x12.5-2_V New Footprint=NIC-UVC8x16-2_V
Change Component Footprint: Designator=C4 Old Footprint=NIC-UVR-10x12.5-2_V New Footprint=NIC-UVC8x16-2_V
Change Component Comment : Designator=C2 Old Comment=UVR1J101MPD1TD New Comment=UVC2G8R2MPD
Change Component Comment : Designator=C3 Old Comment=UVR1J101MPD1TD New Comment=UVC2G8R2MPD
Change Component Comment : Designator=C4 Old Comment=UVR1J101MPD1TD New Comment=UVC2G8R2MPD
Change component parameters: Designator = "C2"; Footprint = "NIC-UVC8x16-2_V"; UniqueID = "\SQBQXLDQ"
Change component parameters. Clean all parameters for all variants
Change component parameters (AddParameter): Name = "Capacitance Tolerance"; Value = "+/- 20%"; VariantName = "[No Variations]"
Change component parameters (AddParameter): Name = "ComponentLink1Description"; Value = "Manufacturer URL"; VariantName = "[No Variations]"
Change component parameters (AddParameter): Name = "ComponentLink1URL"; Value = "http://www.nichicon.co.jp/"; VariantName = "[No Variations]"
Change component parameters (AddParameter): Name = "ComponentLink2Description"; Value = "Datasheet"; VariantName = "[No Variations]"
Change component parameters (AddParameter): Name = "ComponentLink2URL"; Value = "http://nichicon-us.com/english/products/pdfs/e-vc.pdf"; VariantName = "[No Variations]"
Change component parameters (AddParameter): Name = "DatasheetVersion"; Value = "Sep-13"; VariantName = "[No Variations]"
Change component parameters (AddParameter): Name = "Manufacturer"; Value = "Nichicon"; VariantName = "[No Variations]"
Change component parameters (AddParameter): Name = "Mounting Technology"; Value = "Through Hole"; VariantName = "[No Variations]"
Change component parameters (AddParameter): Name = "PackageDescription"; Value = "2-Leads, Radial Lead 8x18mm, Lead-wire Diameter 0.6mm, Pin Spacing 3.5mm"; VariantName = "[No Variations]"
Change component parameters (AddParameter): Name = "PackageReference"; Value = "UVC8x16-2"; VariantName = "[No Variations]"
Change component parameters (AddParameter): Name = "PartNumber"; Value = "UVC2G8R2MPD"; VariantName = "[No Variations]"
Change component parameters (AddParameter): Name = "Polarity Type"; Value = "Polar"; VariantName = "[No Variations]"
Change component parameters (AddParameter): Name = "Rated Capacitance"; Value = "8.2 uF"; VariantName = "[No Variations]"
Change component parameters (AddParameter): Name = "Rated Ripple Current (at 100 Hz)"; Value = "127.5 mA"; VariantName = "[No Variations]"
Change component parameters (AddParameter): Name = "Rated Ripple Current (at 120 Hz)"; Value = "85 mA"; VariantName = "[No Variations]"
Change component parameters (AddParameter): Name = "Rated Voltage"; Value = "400 V"; VariantName = "[No Variations]"
Change component parameters (AddParameter): Name = "RoHS"; Value = "TRUE"; VariantName = "[No Variations]"
Change component parameters (AddParameter): Name = "Temperature Range"; Value = "-40 to 105 degC"; VariantName = "[No Variations]"
Change component parameters: Designator = "C3"; Footprint = "NIC-UVC8x16-2_V"; UniqueID = "\ACCWQAOA"
Change component parameters. Clean all parameters for all variants
Change component parameters (AddParameter): Name = "Capacitance Tolerance"; Value = "+/- 20%"; VariantName = "[No Variations]"
Change component parameters (AddParameter): Name = "ComponentLink1Description"; Value = "Manufacturer URL"; VariantName = "[No Variations]"
Change component parameters (AddParameter): Name = "ComponentLink1URL"; Value = "http://www.nichicon.co.jp/"; VariantName = "[No Variations]"
Change component parameters (AddParameter): Name = "ComponentLink2Description"; Value = "Datasheet"; VariantName = "[No Variations]"
Change component parameters (AddParameter): Name = "ComponentLink2URL"; Value = "http://nichicon-us.com/english/products/pdfs/e-vc.pdf"; VariantName = "[No Variations]"
Change component parameters (AddParameter): Name = "DatasheetVersion"; Value = "Sep-13"; VariantName = "[No Variations]"
Change component parameters (AddParameter): Name = "Manufacturer"; Value = "Nichicon"; VariantName = "[No Variations]"
Change component parameters (AddParameter): Name = "Mounting Technology"; Value = "Through Hole"; VariantName = "[No Variations]"
Change component parameters (AddParameter): Name = "PackageDescription"; Value = "2-Leads, Radial Lead 8x18mm, Lead-wire Diameter 0.6mm, Pin Spacing 3.5mm"; VariantName = "[No Variations]"
Change component parameters (AddParameter): Name = "PackageReference"; Value = "UVC8x16-2"; VariantName = "[No Variations]"
Change component parameters (AddParameter): Name = "PartNumber"; Value = "UVC2G8R2MPD"; VariantName = "[No Variations]"
Change component parameters (AddParameter): Name = "Polarity Type"; Value = "Polar"; VariantName = "[No Variations]"
Change component parameters (AddParameter): Name = "Rated Capacitance"; Value = "8.2 uF"; VariantName = "[No Variations]"
Change component parameters (AddParameter): Name = "Rated Ripple Current (at 100 Hz)"; Value = "127.5 mA"; VariantName = "[No Variations]"
Change component parameters (AddParameter): Name = "Rated Ripple Current (at 120 Hz)"; Value = "85 mA"; VariantName = "[No Variations]"
Change component parameters (AddParameter): Name = "Rated Voltage"; Value = "400 V"; VariantName = "[No Variations]"
Change component parameters (AddParameter): Name = "RoHS"; Value = "TRUE"; VariantName = "[No Variations]"
Change component parameters (AddParameter): Name = "Temperature Range"; Value = "-40 to 105 degC"; VariantName = "[No Variations]"
Change component parameters: Designator = "C4"; Footprint = "NIC-UVC8x16-2_V"; UniqueID = "\CLHTILZM"
Change component parameters. Clean all parameters for all variants
Change component parameters (AddParameter): Name = "Capacitance Tolerance"; Value = "+/- 20%"; VariantName = "[No Variations]"
Change component parameters (AddParameter): Name = "ComponentLink1Description"; Value = "Manufacturer URL"; VariantName = "[No Variations]"
Change component parameters (AddParameter): Name = "ComponentLink1URL"; Value = "http://www.nichicon.co.jp/"; VariantName = "[No Variations]"
Change component parameters (AddParameter): Name = "ComponentLink2Description"; Value = "Datasheet"; VariantName = "[No Variations]"
Change component parameters (AddParameter): Name = "ComponentLink2URL"; Value = "http://nichicon-us.com/english/products/pdfs/e-vc.pdf"; VariantName = "[No Variations]"
Change component parameters (AddParameter): Name = "DatasheetVersion"; Value = "Sep-13"; VariantName = "[No Variations]"
Change component parameters (AddParameter): Name = "Manufacturer"; Value = "Nichicon"; VariantName = "[No Variations]"
Change component parameters (AddParameter): Name = "Mounting Technology"; Value = "Through Hole"; VariantName = "[No Variations]"
Change component parameters (AddParameter): Name = "PackageDescription"; Value = "2-Leads, Radial Lead 8x18mm, Lead-wire Diameter 0.6mm, Pin Spacing 3.5mm"; VariantName = "[No Variations]"
Change component parameters (AddParameter): Name = "PackageReference"; Value = "UVC8x16-2"; VariantName = "[No Variations]"
Change component parameters (AddParameter): Name = "PartNumber"; Value = "UVC2G8R2MPD"; VariantName = "[No Variations]"
Change component parameters (AddParameter): Name = "Polarity Type"; Value = "Polar"; VariantName = "[No Variations]"
Change component parameters (AddParameter): Name = "Rated Capacitance"; Value = "8.2 uF"; VariantName = "[No Variations]"
Change component parameters (AddParameter): Name = "Rated Ripple Current (at 100 Hz)"; Value = "127.5 mA"; VariantName = "[No Variations]"
Change component parameters (AddParameter): Name = "Rated Ripple Current (at 120 Hz)"; Value = "85 mA"; VariantName = "[No Variations]"
Change component parameters (AddParameter): Name = "Rated Voltage"; Value = "400 V"; VariantName = "[No Variations]"
Change component parameters (AddParameter): Name = "RoHS"; Value = "TRUE"; VariantName = "[No Variations]"
Change component parameters (AddParameter): Name = "Temperature Range"; Value = "-40 to 105 degC"; VariantName = "[No Variations]"
