Added Component: Designator=C1(CAPC1608L)
Add component. Clean all parameters for all variants
Add component (AddParameter): Name = "Code_IPC"; Value = "1608 [0603]"; VariantName = "[No Variations]"
Add component (AddParameter): Name = "Max Voltage"; Value = "16V"; VariantName = "[No Variations]"
Add component (AddParameter): Name = "Note"; Value = ""; VariantName = "[No Variations]"
Add component (AddParameter): Name = "PackageReference"; Value = "0603"; VariantName = "[No Variations]"
Add component (AddParameter): Name = "Storage Location"; Value = "PCB Assembly WS"; VariantName = "[No Variations]"
Add component (AddParameter): Name = "Supplier"; Value = "ECE Dept"; VariantName = "[No Variations]"
Add component (AddParameter): Name = "Value"; Value = "1uF"; VariantName = "[No Variations]"
Add component (AddParameter): Name = "Verify"; Value = ""; VariantName = "[No Variations]"
Added Component: Designator=C2(CAPPRD350W60D800H1800)
Add component. Clean all parameters for all variants
Add component (AddParameter): Name = "Arrow Part Number"; Value = "ESL227M035AG8AA"; VariantName = "[No Variations]"
Add component (AddParameter): Name = "Arrow Price/Stock"; Value = ""; VariantName = "[No Variations]"
Add component (AddParameter): Name = "Datasheet Link"; Value = "https://mouser.componentsearchengine.com/Datasheets/1/ESL227M035AG8AA.pdf"; VariantName = "[No Variations]"
Add component (AddParameter): Name = "Height"; Value = "18mm"; VariantName = "[No Variations]"
Add component (AddParameter): Name = "Manufacturer_Name"; Value = "Kemet"; VariantName = "[No Variations]"
Add component (AddParameter): Name = "Manufacturer_Part_Number"; Value = "ESL227M035AG8AA"; VariantName = "[No Variations]"
Add component (AddParameter): Name = "Mouser Part Number"; Value = "80-ESL227M035AG8AA"; VariantName = "[No Variations]"
Add component (AddParameter): Name = "Mouser Price/Stock"; Value = "https://www.mouser.co.uk/ProductDetail/KEMET/ESL227M035AG8AA?qs=HXFqYaX1Q2yHN7oCVXkyWQ%3D%3D"; VariantName = "[No Variations]"
Added Component: Designator=C3(CAPPRD350W60D800H1800)
Add component. Clean all parameters for all variants
Add component (AddParameter): Name = "Arrow Part Number"; Value = "ESL227M035AG8AA"; VariantName = "[No Variations]"
Add component (AddParameter): Name = "Arrow Price/Stock"; Value = ""; VariantName = "[No Variations]"
Add component (AddParameter): Name = "Datasheet Link"; Value = "https://mouser.componentsearchengine.com/Datasheets/1/ESL227M035AG8AA.pdf"; VariantName = "[No Variations]"
Add component (AddParameter): Name = "Height"; Value = "18mm"; VariantName = "[No Variations]"
Add component (AddParameter): Name = "Manufacturer_Name"; Value = "Kemet"; VariantName = "[No Variations]"
Add component (AddParameter): Name = "Manufacturer_Part_Number"; Value = "ESL227M035AG8AA"; VariantName = "[No Variations]"
Add component (AddParameter): Name = "Mouser Part Number"; Value = "80-ESL227M035AG8AA"; VariantName = "[No Variations]"
Add component (AddParameter): Name = "Mouser Price/Stock"; Value = "https://www.mouser.co.uk/ProductDetail/KEMET/ESL227M035AG8AA?qs=HXFqYaX1Q2yHN7oCVXkyWQ%3D%3D"; VariantName = "[No Variations]"
Added Component: Designator=C4(CAPPRD350W60D800H1800)
Add component. Clean all parameters for all variants
Add component (AddParameter): Name = "Arrow Part Number"; Value = "ESL227M035AG8AA"; VariantName = "[No Variations]"
Add component (AddParameter): Name = "Arrow Price/Stock"; Value = ""; VariantName = "[No Variations]"
Add component (AddParameter): Name = "Datasheet Link"; Value = "https://mouser.componentsearchengine.com/Datasheets/1/ESL227M035AG8AA.pdf"; VariantName = "[No Variations]"
Add component (AddParameter): Name = "Height"; Value = "18mm"; VariantName = "[No Variations]"
Add component (AddParameter): Name = "Manufacturer_Name"; Value = "Kemet"; VariantName = "[No Variations]"
Add component (AddParameter): Name = "Manufacturer_Part_Number"; Value = "ESL227M035AG8AA"; VariantName = "[No Variations]"
Add component (AddParameter): Name = "Mouser Part Number"; Value = "80-ESL227M035AG8AA"; VariantName = "[No Variations]"
Add component (AddParameter): Name = "Mouser Price/Stock"; Value = "https://www.mouser.co.uk/ProductDetail/KEMET/ESL227M035AG8AA?qs=HXFqYaX1Q2yHN7oCVXkyWQ%3D%3D"; VariantName = "[No Variations]"
Added Component: Designator=C5(CAPC1608L)
Add component. Clean all parameters for all variants
Add component (AddParameter): Name = "Code_IPC"; Value = "1608 [0603]"; VariantName = "[No Variations]"
Add component (AddParameter): Name = "Note"; Value = ""; VariantName = "[No Variations]"
Add component (AddParameter): Name = "PackageReference"; Value = "0603"; VariantName = "[No Variations]"
Add component (AddParameter): Name = "Storage Location"; Value = "PCB Assembly WS"; VariantName = "[No Variations]"
Add component (AddParameter): Name = "Supplier"; Value = "ECE Dept"; VariantName = "[No Variations]"
Add component (AddParameter): Name = "Value"; Value = "100nF"; VariantName = "[No Variations]"
Add component (AddParameter): Name = "Verify"; Value = ""; VariantName = "[No Variations]"
Added Component: Designator=C6(CAPC1608L)
Add component. Clean all parameters for all variants
Add component (AddParameter): Name = "Code_IPC"; Value = "1608 [0603]"; VariantName = "[No Variations]"
Add component (AddParameter): Name = "Note"; Value = ""; VariantName = "[No Variations]"
Add component (AddParameter): Name = "PackageReference"; Value = "0603"; VariantName = "[No Variations]"
Add component (AddParameter): Name = "Storage Location"; Value = "PCB Assembly WS"; VariantName = "[No Variations]"
Add component (AddParameter): Name = "Supplier"; Value = "ECE Dept"; VariantName = "[No Variations]"
Add component (AddParameter): Name = "Value"; Value = "100nF"; VariantName = "[No Variations]"
Add component (AddParameter): Name = "Verify"; Value = ""; VariantName = "[No Variations]"
Added Component: Designator=C7(CAPC1608L)
Add component. Clean all parameters for all variants
Add component (AddParameter): Name = "Code_IPC"; Value = "1608 [0603]"; VariantName = "[No Variations]"
Add component (AddParameter): Name = "Note"; Value = ""; VariantName = "[No Variations]"
Add component (AddParameter): Name = "PackageReference"; Value = "0603"; VariantName = "[No Variations]"
Add component (AddParameter): Name = "Storage Location"; Value = "PCB Assembly WS"; VariantName = "[No Variations]"
Add component (AddParameter): Name = "Supplier"; Value = "ECE Dept"; VariantName = "[No Variations]"
Add component (AddParameter): Name = "Value"; Value = "100nF"; VariantName = "[No Variations]"
Add component (AddParameter): Name = "Verify"; Value = ""; VariantName = "[No Variations]"
Added Component: Designator=C8(CAPC1608L)
Add component. Clean all parameters for all variants
Add component (AddParameter): Name = "Code_IPC"; Value = "1608 [0603]"; VariantName = "[No Variations]"
Add component (AddParameter): Name = "Note"; Value = ""; VariantName = "[No Variations]"
Add component (AddParameter): Name = "PackageReference"; Value = "0603"; VariantName = "[No Variations]"
Add component (AddParameter): Name = "Storage Location"; Value = "PCB Assembly WS"; VariantName = "[No Variations]"
Add component (AddParameter): Name = "Supplier"; Value = "ECE Dept"; VariantName = "[No Variations]"
Add component (AddParameter): Name = "Value"; Value = "100nF"; VariantName = "[No Variations]"
Add component (AddParameter): Name = "Verify"; Value = ""; VariantName = "[No Variations]"
Added Component: Designator=C9(CAPC1608L)
Add component. Clean all parameters for all variants
Add component (AddParameter): Name = "Code_IPC"; Value = "1608 [0603]"; VariantName = "[No Variations]"
Add component (AddParameter): Name = "Note"; Value = ""; VariantName = "[No Variations]"
Add component (AddParameter): Name = "PackageReference"; Value = "0603"; VariantName = "[No Variations]"
Add component (AddParameter): Name = "Storage Location"; Value = "PCB Assembly WS"; VariantName = "[No Variations]"
Add component (AddParameter): Name = "Supplier"; Value = "ECE Dept"; VariantName = "[No Variations]"
Add component (AddParameter): Name = "Value"; Value = "22nF"; VariantName = "[No Variations]"
Add component (AddParameter): Name = "Verify"; Value = ""; VariantName = "[No Variations]"
Added Component: Designator=C10(CAPC1608L)
Add component. Clean all parameters for all variants
Add component (AddParameter): Name = "Code_IPC"; Value = "1608 [0603]"; VariantName = "[No Variations]"
Add component (AddParameter): Name = "Note"; Value = ""; VariantName = "[No Variations]"
Add component (AddParameter): Name = "PackageReference"; Value = "0603"; VariantName = "[No Variations]"
Add component (AddParameter): Name = "Storage Location"; Value = "PCB Assembly WS"; VariantName = "[No Variations]"
Add component (AddParameter): Name = "Supplier"; Value = "ECE Dept"; VariantName = "[No Variations]"
Add component (AddParameter): Name = "Value"; Value = "22nF"; VariantName = "[No Variations]"
Add component (AddParameter): Name = "Verify"; Value = ""; VariantName = "[No Variations]"
Added Component: Designator=C11(CAPC1608L)
Add component. Clean all parameters for all variants
Add component (AddParameter): Name = "Code_IPC"; Value = "1608 [0603]"; VariantName = "[No Variations]"
Add component (AddParameter): Name = "Note"; Value = ""; VariantName = "[No Variations]"
Add component (AddParameter): Name = "PackageReference"; Value = "0603"; VariantName = "[No Variations]"
Add component (AddParameter): Name = "Storage Location"; Value = "PCB Assembly WS"; VariantName = "[No Variations]"
Add component (AddParameter): Name = "Supplier"; Value = "ECE Dept"; VariantName = "[No Variations]"
Add component (AddParameter): Name = "Value"; Value = "100nF"; VariantName = "[No Variations]"
Add component (AddParameter): Name = "Verify"; Value = ""; VariantName = "[No Variations]"
Added Component: Designator=C12(CAPC1608L)
Add component. Clean all parameters for all variants
Add component (AddParameter): Name = "Code_IPC"; Value = "1608 [0603]"; VariantName = "[No Variations]"
Add component (AddParameter): Name = "Max Voltage"; Value = "16V"; VariantName = "[No Variations]"
Add component (AddParameter): Name = "Note"; Value = ""; VariantName = "[No Variations]"
Add component (AddParameter): Name = "PackageReference"; Value = "0603"; VariantName = "[No Variations]"
Add component (AddParameter): Name = "Storage Location"; Value = "PCB Assembly WS"; VariantName = "[No Variations]"
Add component (AddParameter): Name = "Supplier"; Value = "ECE Dept"; VariantName = "[No Variations]"
Add component (AddParameter): Name = "Value"; Value = "1uF"; VariantName = "[No Variations]"
Add component (AddParameter): Name = "Verify"; Value = ""; VariantName = "[No Variations]"
Added Component: Designator=C13(CAPC1608L)
Add component. Clean all parameters for all variants
Add component (AddParameter): Name = "Code_IPC"; Value = "1608 [0603]"; VariantName = "[No Variations]"
Add component (AddParameter): Name = "Note"; Value = ""; VariantName = "[No Variations]"
Add component (AddParameter): Name = "PackageReference"; Value = "0603"; VariantName = "[No Variations]"
Add component (AddParameter): Name = "Storage Location"; Value = "PCB Assembly WS"; VariantName = "[No Variations]"
Add component (AddParameter): Name = "Supplier"; Value = "ECE Dept"; VariantName = "[No Variations]"
Add component (AddParameter): Name = "Value"; Value = "22nF"; VariantName = "[No Variations]"
Add component (AddParameter): Name = "Verify"; Value = ""; VariantName = "[No Variations]"
Added Component: Designator=C14(CAPC1608L)
Add component. Clean all parameters for all variants
Add component (AddParameter): Name = "Code_IPC"; Value = "1608 [0603]"; VariantName = "[No Variations]"
Add component (AddParameter): Name = "Note"; Value = ""; VariantName = "[No Variations]"
Add component (AddParameter): Name = "PackageReference"; Value = "0603"; VariantName = "[No Variations]"
Add component (AddParameter): Name = "Storage Location"; Value = "PCB Assembly WS"; VariantName = "[No Variations]"
Add component (AddParameter): Name = "Supplier"; Value = "ECE Dept"; VariantName = "[No Variations]"
Add component (AddParameter): Name = "Value"; Value = "100nF"; VariantName = "[No Variations]"
Add component (AddParameter): Name = "Verify"; Value = ""; VariantName = "[No Variations]"
Added Component: Designator=H1(MOLEX_KK_3_HDR)
Add component. Clean all parameters for all variants
Add component (AddParameter): Name = "Manufacturer"; Value = "Molex"; VariantName = "[No Variations]"
Add component (AddParameter): Name = "Manufacturer PN"; Value = "22-23-2031"; VariantName = "[No Variations]"
Add component (AddParameter): Name = "Price"; Value = ""; VariantName = "[No Variations]"
Add component (AddParameter): Name = "Storage Location"; Value = "ECE Dept Store"; VariantName = "[No Variations]"
Add component (AddParameter): Name = "Supplier"; Value = "ECE Dept"; VariantName = "[No Variations]"
Add component (AddParameter): Name = "Supplier 1"; Value = "Farnell"; VariantName = "[No Variations]"
Add component (AddParameter): Name = "Supplier Part Number 1"; Value = "9731156"; VariantName = "[No Variations]"
Add component (AddParameter): Name = "Supplier Part Number 2"; Value = ""; VariantName = "[No Variations]"
Add component (AddParameter): Name = "Value"; Value = "3 Pin Molex KK Hdr"; VariantName = "[No Variations]"
Add component (AddParameter): Name = "Verify"; Value = ""; VariantName = "[No Variations]"
Added Component: Designator=H2(MOLEX_KK_4_HDR)
Add component. Clean all parameters for all variants
Add component (AddParameter): Name = "Manufacturer"; Value = "Molex"; VariantName = "[No Variations]"
Add component (AddParameter): Name = "Manufacturer PN"; Value = "22-23-2041"; VariantName = "[No Variations]"
Add component (AddParameter): Name = "Price"; Value = ""; VariantName = "[No Variations]"
Add component (AddParameter): Name = "Storage Location"; Value = "ECE Dept Store"; VariantName = "[No Variations]"
Add component (AddParameter): Name = "Supplier"; Value = "ECE Dept"; VariantName = "[No Variations]"
Add component (AddParameter): Name = "Supplier 1"; Value = "Farnell"; VariantName = "[No Variations]"
Add component (AddParameter): Name = "Supplier 2"; Value = ""; VariantName = "[No Variations]"
Add component (AddParameter): Name = "Supplier Part Number 1"; Value = "9731164"; VariantName = "[No Variations]"
Add component (AddParameter): Name = "Supplier Part Number 2"; Value = ""; VariantName = "[No Variations]"
Add component (AddParameter): Name = "Value"; Value = "4 Pin Molex KK Hdr"; VariantName = "[No Variations]"
Add component (AddParameter): Name = "Verify"; Value = ""; VariantName = "[No Variations]"
Added Component: Designator=H3(MOLEX_KK_2_HDR)
Add component. Clean all parameters for all variants
Add component (AddParameter): Name = "Manufacturer"; Value = ""; VariantName = "[No Variations]"
Add component (AddParameter): Name = "Manufacturer PN"; Value = ""; VariantName = "[No Variations]"
Add component (AddParameter): Name = "Storage Location"; Value = "ECE Dept Store"; VariantName = "[No Variations]"
Add component (AddParameter): Name = "Supplier"; Value = "ECE Dept"; VariantName = "[No Variations]"
Add component (AddParameter): Name = "Supplier 1"; Value = "Farnell"; VariantName = "[No Variations]"
Add component (AddParameter): Name = "Supplier 2"; Value = ""; VariantName = "[No Variations]"
Add component (AddParameter): Name = "Supplier Part Number 1"; Value = "1462926"; VariantName = "[No Variations]"
Add component (AddParameter): Name = "Supplier Part Number 2"; Value = ""; VariantName = "[No Variations]"
Add component (AddParameter): Name = "Value"; Value = "2 Pin Molex KK HDR"; VariantName = "[No Variations]"
Added Component: Designator=H4(MOLEX_KK_2_HDR)
Add component. Clean all parameters for all variants
Add component (AddParameter): Name = "Manufacturer"; Value = ""; VariantName = "[No Variations]"
Add component (AddParameter): Name = "Manufacturer PN"; Value = ""; VariantName = "[No Variations]"
Add component (AddParameter): Name = "Storage Location"; Value = "ECE Dept Store"; VariantName = "[No Variations]"
Add component (AddParameter): Name = "Supplier"; Value = "ECE Dept"; VariantName = "[No Variations]"
Add component (AddParameter): Name = "Supplier 1"; Value = "Farnell"; VariantName = "[No Variations]"
Add component (AddParameter): Name = "Supplier 2"; Value = ""; VariantName = "[No Variations]"
Add component (AddParameter): Name = "Supplier Part Number 1"; Value = "1462926"; VariantName = "[No Variations]"
Add component (AddParameter): Name = "Supplier Part Number 2"; Value = ""; VariantName = "[No Variations]"
Add component (AddParameter): Name = "Value"; Value = "2 Pin Molex KK HDR"; VariantName = "[No Variations]"
Added Component: Designator=H5(MOLEX_KK_2_HDR)
Add component. Clean all parameters for all variants
Add component (AddParameter): Name = "Manufacturer"; Value = ""; VariantName = "[No Variations]"
Add component (AddParameter): Name = "Manufacturer PN"; Value = ""; VariantName = "[No Variations]"
Add component (AddParameter): Name = "Storage Location"; Value = "ECE Dept Store"; VariantName = "[No Variations]"
Add component (AddParameter): Name = "Supplier"; Value = "ECE Dept"; VariantName = "[No Variations]"
Add component (AddParameter): Name = "Supplier 1"; Value = "Farnell"; VariantName = "[No Variations]"
Add component (AddParameter): Name = "Supplier 2"; Value = ""; VariantName = "[No Variations]"
Add component (AddParameter): Name = "Supplier Part Number 1"; Value = "1462926"; VariantName = "[No Variations]"
Add component (AddParameter): Name = "Supplier Part Number 2"; Value = ""; VariantName = "[No Variations]"
Add component (AddParameter): Name = "Value"; Value = "2 Pin Molex KK HDR"; VariantName = "[No Variations]"
Added Component: Designator=H6(MOLEX_KK_2_HDR)
Add component. Clean all parameters for all variants
Add component (AddParameter): Name = "Manufacturer"; Value = ""; VariantName = "[No Variations]"
Add component (AddParameter): Name = "Manufacturer PN"; Value = ""; VariantName = "[No Variations]"
Add component (AddParameter): Name = "Storage Location"; Value = "ECE Dept Store"; VariantName = "[No Variations]"
Add component (AddParameter): Name = "Supplier"; Value = "ECE Dept"; VariantName = "[No Variations]"
Add component (AddParameter): Name = "Supplier 1"; Value = "Farnell"; VariantName = "[No Variations]"
Add component (AddParameter): Name = "Supplier 2"; Value = ""; VariantName = "[No Variations]"
Add component (AddParameter): Name = "Supplier Part Number 1"; Value = "1462926"; VariantName = "[No Variations]"
Add component (AddParameter): Name = "Supplier Part Number 2"; Value = ""; VariantName = "[No Variations]"
Add component (AddParameter): Name = "Value"; Value = "2 Pin Molex KK HDR"; VariantName = "[No Variations]"
Added Component: Designator=IC1(DIP794W56P254L1905H533Q14N)
Add component. Clean all parameters for all variants
Add component (AddParameter): Name = "Arrow Part Number"; Value = "LMC6484IN"; VariantName = "[No Variations]"
Add component (AddParameter): Name = "Arrow Price/Stock"; Value = ""; VariantName = "[No Variations]"
Add component (AddParameter): Name = "Datasheet Link"; Value = "http://www.ti.com/lit/gpn/lmc6484"; VariantName = "[No Variations]"
Add component (AddParameter): Name = "Height"; Value = "5.334mm"; VariantName = "[No Variations]"
Add component (AddParameter): Name = "Manufacturer_Name"; Value = "Texas Instruments"; VariantName = "[No Variations]"
Add component (AddParameter): Name = "Manufacturer_Part_Number"; Value = "LMC6484IN"; VariantName = "[No Variations]"
Add component (AddParameter): Name = "Mouser Part Number"; Value = "926-LMC6484IN"; VariantName = "[No Variations]"
Add component (AddParameter): Name = "Mouser Price/Stock"; Value = "https://www.mouser.com/Search/Refine.aspx?Keyword=926-LMC6484IN"; VariantName = "[No Variations]"
Added Component: Designator=IC2(TO255P460X1020X2008-3P)
Add component. Clean all parameters for all variants
Add component (AddParameter): Name = "Arrow Part Number"; Value = "L7812CV"; VariantName = "[No Variations]"
Add component (AddParameter): Name = "Arrow Price/Stock"; Value = "https://www.arrow.com/en/products/l7812cv/stmicroelectronics"; VariantName = "[No Variations]"
Add component (AddParameter): Name = "Datasheet Link"; Value = "http://www.st.com/web/en/resource/technical/document/datasheet/CD00000444.pdf"; VariantName = "[No Variations]"
Add component (AddParameter): Name = "Height"; Value = "4.6mm"; VariantName = "[No Variations]"
Add component (AddParameter): Name = "Manufacturer_Name"; Value = "STMicroelectronics"; VariantName = "[No Variations]"
Add component (AddParameter): Name = "Manufacturer_Part_Number"; Value = "L7812CV"; VariantName = "[No Variations]"
Add component (AddParameter): Name = "Mouser Part Number"; Value = "511-L7812CV"; VariantName = "[No Variations]"
Add component (AddParameter): Name = "Mouser Price/Stock"; Value = "https://www.mouser.co.uk/ProductDetail/STMicroelectronics/L7812CV?qs=5Uvc6lfWVJzVGZQZmBynyg%3D%3D"; VariantName = "[No Variations]"
Added Component: Designator=IC3(TO255P460X1020X2008-3P)
Add component. Clean all parameters for all variants
Add component (AddParameter): Name = "Arrow Part Number"; Value = "L7805CV"; VariantName = "[No Variations]"
Add component (AddParameter): Name = "Arrow Price/Stock"; Value = "https://www.arrow.com/en/products/l7805cv/stmicroelectronics"; VariantName = "[No Variations]"
Add component (AddParameter): Name = "Datasheet Link"; Value = "http://www.st.com/web/en/resource/technical/document/datasheet/CD00000444.pdf"; VariantName = "[No Variations]"
Add component (AddParameter): Name = "Height"; Value = "4.6mm"; VariantName = "[No Variations]"
Add component (AddParameter): Name = "Manufacturer_Name"; Value = "STMicroelectronics"; VariantName = "[No Variations]"
Add component (AddParameter): Name = "Manufacturer_Part_Number"; Value = "L7805CV"; VariantName = "[No Variations]"
Add component (AddParameter): Name = "Mouser Part Number"; Value = "511-L7805CV"; VariantName = "[No Variations]"
Add component (AddParameter): Name = "Mouser Price/Stock"; Value = "https://www.mouser.co.uk/ProductDetail/STMicroelectronics/L7805CV?qs=9NrABl3fj%2FqplZAHiYUxWg%3D%3D"; VariantName = "[No Variations]"
Added Component: Designator=IC?(DIP794W56P254L959H533Q8B)
Add component. Clean all parameters for all variants
Add component (AddParameter): Name = "Arrow Part Number"; Value = "UC3843BNG"; VariantName = "[No Variations]"
Add component (AddParameter): Name = "Arrow Price/Stock"; Value = "https://www.arrow.com/en/products/uc3843bng/on-semiconductor"; VariantName = "[No Variations]"
Add component (AddParameter): Name = "Datasheet Link"; Value = "http://www.onsemi.com/pub/Collateral/UC3842B-D.PDF"; VariantName = "[No Variations]"
Add component (AddParameter): Name = "Height"; Value = "5.33mm"; VariantName = "[No Variations]"
Add component (AddParameter): Name = "Manufacturer_Name"; Value = "ON Semiconductor"; VariantName = "[No Variations]"
Add component (AddParameter): Name = "Manufacturer_Part_Number"; Value = "UC3843BNG"; VariantName = "[No Variations]"
Add component (AddParameter): Name = "Mouser Part Number"; Value = "863-UC3843BNG"; VariantName = "[No Variations]"
Add component (AddParameter): Name = "Mouser Price/Stock"; Value = "https://www.mouser.co.uk/ProductDetail/ON-Semiconductor/UC3843BNG?qs=xZq1yRCsb1c8CkSt0UbHMA%3D%3D"; VariantName = "[No Variations]"
Added Component: Designator=L1(INDC3216L)
Add component. Clean all parameters for all variants
Add component (AddParameter): Name = "DC Current Rating"; Value = "1"; VariantName = "[No Variations]"
Add component (AddParameter): Name = "DC Resistance Max"; Value = "0.08"; VariantName = "[No Variations]"
Add component (AddParameter): Name = "Ferrite Case Style"; Value = "1206 ^3216 Metric]"; VariantName = "[No Variations]"
Add component (AddParameter): Name = "Ferrite Mounting"; Value = "SMD"; VariantName = "[No Variations]"
Add component (AddParameter): Name = "Frequency Range"; Value = "50MHz to 1"; VariantName = "[No Variations]"
Add component (AddParameter): Name = "Impedance"; Value = "600"; VariantName = "[No Variations]"
Add component (AddParameter): Name = "Impedance Tolerance"; Value = "± 25%"; VariantName = "[No Variations]"
Add component (AddParameter): Name = "Manufacturer"; Value = "FAIR-RITE"; VariantName = "[No Variations]"
Add component (AddParameter): Name = "Manufacturer Part Number"; Value = "2512066017Y1"; VariantName = "[No Variations]"
Add component (AddParameter): Name = "Manufacturer PN"; Value = "2512066017Y1"; VariantName = "[No Variations]"
Add component (AddParameter): Name = "Storage Location"; Value = "PCB Assembly WS"; VariantName = "[No Variations]"
Add component (AddParameter): Name = "Supplier"; Value = "ECE Dept"; VariantName = "[No Variations]"
Add component (AddParameter): Name = "Supplier 1"; Value = "Farnell"; VariantName = "[No Variations]"
Add component (AddParameter): Name = "Supplier Part Number 1"; Value = "1612060"; VariantName = "[No Variations]"
Add component (AddParameter): Name = "Value"; Value = "1A max, Idc 0.3R,"; VariantName = "[No Variations]"
Added Component: Designator=Q1(SS9018HBU)
Add component. Clean all parameters for all variants
Add component (AddParameter): Name = "Arrow Part Number"; Value = "BC547BBU"; VariantName = "[No Variations]"
Add component (AddParameter): Name = "Arrow Price/Stock"; Value = "https://www.arrow.com/en/products/bc547bbu/on-semiconductor"; VariantName = "[No Variations]"
Add component (AddParameter): Name = "Datasheet Link"; Value = "http://www.onsemi.com/pub/Collateral/BC550-D.pdf"; VariantName = "[No Variations]"
Add component (AddParameter): Name = "Manufacturer_Name"; Value = "ON Semiconductor"; VariantName = "[No Variations]"
Add component (AddParameter): Name = "Manufacturer_Part_Number"; Value = "BC547BBU"; VariantName = "[No Variations]"
Add component (AddParameter): Name = "Mouser Part Number"; Value = "512-BC547BBU"; VariantName = "[No Variations]"
Add component (AddParameter): Name = "Mouser Price/Stock"; Value = "https://www.mouser.co.uk/ProductDetail/ON-Semiconductor-Fairchild/BC547BBU?qs=5AtiFsybhAy95gcR20xJtg%3D%3D"; VariantName = "[No Variations]"
Added Component: Designator=Q2(TO-92_(TO-226))
Add component. Clean all parameters for all variants
Add component (AddParameter): Name = "Arrow Part Number"; Value = "2N7000"; VariantName = "[No Variations]"
Add component (AddParameter): Name = "Arrow Price/Stock"; Value = "https://www.arrow.com/en/products/2n7000/on-semiconductor"; VariantName = "[No Variations]"
Add component (AddParameter): Name = "Datasheet Link"; Value = "http://www.onsemi.com/pub/Collateral/NDS7002A-D.PDF"; VariantName = "[No Variations]"
Add component (AddParameter): Name = "Manufacturer_Name"; Value = "ON Semiconductor"; VariantName = "[No Variations]"
Add component (AddParameter): Name = "Manufacturer_Part_Number"; Value = "2N7000"; VariantName = "[No Variations]"
Add component (AddParameter): Name = "Mouser Part Number"; Value = "512-2N7000"; VariantName = "[No Variations]"
Add component (AddParameter): Name = "Mouser Price/Stock"; Value = "https://www.mouser.co.uk/ProductDetail/ON-Semiconductor/2N7000?qs=FOlmdCx%252BAA2o%2FKZOTk%2F3hg%3D%3D"; VariantName = "[No Variations]"
Added Component: Designator=R1(RESC1608L)
Add component. Clean all parameters for all variants
Add component (AddParameter): Name = "Storage Location"; Value = "PCB Assembly WS"; VariantName = "[No Variations]"
Add component (AddParameter): Name = "Supplier"; Value = "ECE Dept"; VariantName = "[No Variations]"
Add component (AddParameter): Name = "Value"; Value = "100K"; VariantName = "[No Variations]"
Added Component: Designator=R2(RESC1608N)
Add component. Clean all parameters for all variants
Add component (AddParameter): Name = "Storage Location"; Value = "PCB Assembly WS"; VariantName = "[No Variations]"
Add component (AddParameter): Name = "Supplier"; Value = "ECE Dept"; VariantName = "[No Variations]"
Add component (AddParameter): Name = "Value"; Value = "47K"; VariantName = "[No Variations]"
Added Component: Designator=R3(RESC1608N)
Add component. Clean all parameters for all variants
Add component (AddParameter): Name = "Storage Location"; Value = "PCB Assembly WS"; VariantName = "[No Variations]"
Add component (AddParameter): Name = "Supplier"; Value = "ECE Dept"; VariantName = "[No Variations]"
Add component (AddParameter): Name = "Value"; Value = "47K"; VariantName = "[No Variations]"
Added Component: Designator=R4(RESC1608L)
Add component. Clean all parameters for all variants
Add component (AddParameter): Name = "Storage Location"; Value = "PCB Assembly WS"; VariantName = "[No Variations]"
Add component (AddParameter): Name = "Supplier"; Value = "ECE Dept"; VariantName = "[No Variations]"
Add component (AddParameter): Name = "Value"; Value = "100K"; VariantName = "[No Variations]"
Added Component: Designator=R5(RESC1608L)
Add component. Clean all parameters for all variants
Add component (AddParameter): Name = "Storage Location"; Value = "PCB Assembly WS"; VariantName = "[No Variations]"
Add component (AddParameter): Name = "Supplier"; Value = "ECE Dept"; VariantName = "[No Variations]"
Add component (AddParameter): Name = "Value"; Value = "1K"; VariantName = "[No Variations]"
Added Component: Designator=R6(RESC1608L)
Add component. Clean all parameters for all variants
Add component (AddParameter): Name = "Storage Location"; Value = "PCB Assembly WS"; VariantName = "[No Variations]"
Add component (AddParameter): Name = "Supplier"; Value = "ECE Dept"; VariantName = "[No Variations]"
Add component (AddParameter): Name = "Value"; Value = "8K2"; VariantName = "[No Variations]"
Added Component: Designator=R7(RESC1608L)
Add component. Clean all parameters for all variants
Add component (AddParameter): Name = "Storage Location"; Value = "PCB Assembly WS"; VariantName = "[No Variations]"
Add component (AddParameter): Name = "Supplier"; Value = "ECE Dept"; VariantName = "[No Variations]"
Add component (AddParameter): Name = "Value"; Value = "33K"; VariantName = "[No Variations]"
Added Component: Designator=R8(RESC1608L)
Add component. Clean all parameters for all variants
Add component (AddParameter): Name = "Storage Location"; Value = "PCB Assembly WS"; VariantName = "[No Variations]"
Add component (AddParameter): Name = "Supplier"; Value = "ECE Dept"; VariantName = "[No Variations]"
Add component (AddParameter): Name = "Value"; Value = "330R"; VariantName = "[No Variations]"
Added Component: Designator=R9(RESC1608L)
Add component. Clean all parameters for all variants
Add component (AddParameter): Name = "Storage Location"; Value = "PCB Assembly WS"; VariantName = "[No Variations]"
Add component (AddParameter): Name = "Supplier"; Value = "ECE Dept"; VariantName = "[No Variations]"
Add component (AddParameter): Name = "Value"; Value = "120K"; VariantName = "[No Variations]"
Added Component: Designator=R10(RESC1608L)
Add component. Clean all parameters for all variants
Add component (AddParameter): Name = "Storage Location"; Value = "PCB Assembly WS"; VariantName = "[No Variations]"
Add component (AddParameter): Name = "Supplier"; Value = "ECE Dept"; VariantName = "[No Variations]"
Add component (AddParameter): Name = "Value"; Value = "120K"; VariantName = "[No Variations]"
Added Component: Designator=R11(RESC1608L)
Add component. Clean all parameters for all variants
Add component (AddParameter): Name = "Storage Location"; Value = "PCB Assembly WS"; VariantName = "[No Variations]"
Add component (AddParameter): Name = "Supplier"; Value = "ECE Dept"; VariantName = "[No Variations]"
Add component (AddParameter): Name = "Value"; Value = "100K"; VariantName = "[No Variations]"
Added Component: Designator=R12(RESC1608L)
Add component. Clean all parameters for all variants
Add component (AddParameter): Name = "Storage Location"; Value = "PCB Assembly WS"; VariantName = "[No Variations]"
Add component (AddParameter): Name = "Supplier"; Value = "ECE Dept"; VariantName = "[No Variations]"
Add component (AddParameter): Name = "Value"; Value = "100K"; VariantName = "[No Variations]"
Added Component: Designator=R13(RESC1608N)
Add component. Clean all parameters for all variants
Add component (AddParameter): Name = "Storage Location"; Value = "PCB Assembly WS"; VariantName = "[No Variations]"
Add component (AddParameter): Name = "Supplier"; Value = "ECE Dept"; VariantName = "[No Variations]"
Add component (AddParameter): Name = "Value"; Value = "47K"; VariantName = "[No Variations]"
Added Component: Designator=R14(RESC1608L)
Add component. Clean all parameters for all variants
Add component (AddParameter): Name = "Storage Location"; Value = "PCB Assembly WS"; VariantName = "[No Variations]"
Add component (AddParameter): Name = "Supplier"; Value = "ECE Dept"; VariantName = "[No Variations]"
Add component (AddParameter): Name = "Value"; Value = "150K"; VariantName = "[No Variations]"
Added Component: Designator=R15(RESC1608N)
Add component. Clean all parameters for all variants
Add component (AddParameter): Name = "Storage Location"; Value = "PCB Assembly WS"; VariantName = "[No Variations]"
Add component (AddParameter): Name = "Supplier"; Value = "ECE Dept"; VariantName = "[No Variations]"
Add component (AddParameter): Name = "Value"; Value = "47K"; VariantName = "[No Variations]"
Added Component: Designator=R16(RESC1608L)
Add component. Clean all parameters for all variants
Add component (AddParameter): Name = "Storage Location"; Value = "PCB Assembly WS"; VariantName = "[No Variations]"
Add component (AddParameter): Name = "Supplier"; Value = "ECE Dept"; VariantName = "[No Variations]"
Add component (AddParameter): Name = "Value"; Value = "5K1"; VariantName = "[No Variations]"
Added Component: Designator=R17(RESC1608L)
Add component. Clean all parameters for all variants
Add component (AddParameter): Name = "Storage Location"; Value = "PCB Assembly WS"; VariantName = "[No Variations]"
Add component (AddParameter): Name = "Supplier"; Value = "ECE Dept"; VariantName = "[No Variations]"
Add component (AddParameter): Name = "Value"; Value = "10K"; VariantName = "[No Variations]"
Added Component: Designator=R18(RESC1608N)
Add component. Clean all parameters for all variants
Add component (AddParameter): Name = "Storage Location"; Value = "PCB Assembly WS"; VariantName = "[No Variations]"
Add component (AddParameter): Name = "Supplier"; Value = "ECE Dept"; VariantName = "[No Variations]"
Add component (AddParameter): Name = "Value"; Value = "47K"; VariantName = "[No Variations]"
Added Component: Designator=R19(RESC1608L)
Add component. Clean all parameters for all variants
Add component (AddParameter): Name = "Storage Location"; Value = "PCB Assembly WS"; VariantName = "[No Variations]"
Add component (AddParameter): Name = "Supplier"; Value = "ECE Dept"; VariantName = "[No Variations]"
Add component (AddParameter): Name = "Value"; Value = "8K2"; VariantName = "[No Variations]"
Added Component: Designator=R20(RESC1608N)
Add component. Clean all parameters for all variants
Add component (AddParameter): Name = "Storage Location"; Value = "PCB Assembly WS"; VariantName = "[No Variations]"
Add component (AddParameter): Name = "Supplier"; Value = "ECE Dept"; VariantName = "[No Variations]"
Add component (AddParameter): Name = "Value"; Value = "47K"; VariantName = "[No Variations]"
Added Component: Designator=R21(RESC1608L)
Add component. Clean all parameters for all variants
Add component (AddParameter): Name = "Storage Location"; Value = "PCB Assembly WS"; VariantName = "[No Variations]"
Add component (AddParameter): Name = "Supplier"; Value = "ECE Dept"; VariantName = "[No Variations]"
Add component (AddParameter): Name = "Value"; Value = "1K"; VariantName = "[No Variations]"
Added Component: Designator=R22(RESC1608L)
Add component. Clean all parameters for all variants
Add component (AddParameter): Name = "Storage Location"; Value = "PCB Assembly WS"; VariantName = "[No Variations]"
Add component (AddParameter): Name = "Supplier"; Value = "ECE Dept"; VariantName = "[No Variations]"
Add component (AddParameter): Name = "Value"; Value = "10R"; VariantName = "[No Variations]"
Added Component: Designator=R23(RESC1608L)
Add component. Clean all parameters for all variants
Add component (AddParameter): Name = "Storage Location"; Value = "PCB Assembly WS"; VariantName = "[No Variations]"
Add component (AddParameter): Name = "Supplier"; Value = "ECE Dept"; VariantName = "[No Variations]"
Add component (AddParameter): Name = "Value"; Value = "330R"; VariantName = "[No Variations]"
Added Component: Designator=RV1(PVZ2A)
Add component. Clean all parameters for all variants
Add component (AddParameter): Name = "Adjustment Type"; Value = "Top"; VariantName = "[No Variations]"
Add component (AddParameter): Name = "External Depth"; Value = "2.7"; VariantName = "[No Variations]"
Add component (AddParameter): Name = "External Length / Height"; Value = "0.85"; VariantName = "[No Variations]"
Add component (AddParameter): Name = "External Width"; Value = "2.1"; VariantName = "[No Variations]"
Add component (AddParameter): Name = "Manufacturer"; Value = "MURATA"; VariantName = "[No Variations]"
Add component (AddParameter): Name = "Manufacturer Part Number"; Value = "PVZ2A104C04B00"; VariantName = "[No Variations]"
Add component (AddParameter): Name = "No. of Turns"; Value = "1"; VariantName = "[No Variations]"
Add component (AddParameter): Name = "Potentiometer Mounting"; Value = "SMD"; VariantName = "[No Variations]"
Add component (AddParameter): Name = "Power Rating"; Value = "50"; VariantName = "[No Variations]"
Add component (AddParameter): Name = "Resistor Element Material"; Value = "Metal Foil"; VariantName = "[No Variations]"
Add component (AddParameter): Name = "Series"; Value = "PVZ2"; VariantName = "[No Variations]"
Add component (AddParameter): Name = "Storage Location"; Value = "PCB Assembly WS"; VariantName = "[No Variations]"
Add component (AddParameter): Name = "Supplier"; Value = "ECE Dept"; VariantName = "[No Variations]"
Add component (AddParameter): Name = "Supplier 1"; Value = "Farnell"; VariantName = "[No Variations]"
Add component (AddParameter): Name = "Supplier Part Number 1"; Value = "1771728"; VariantName = "[No Variations]"
Add component (AddParameter): Name = "Value"; Value = "100K"; VariantName = "[No Variations]"
Added Component: Designator=RV2(PVZ2A)
Add component. Clean all parameters for all variants
Add component (AddParameter): Name = "Adjustment Type"; Value = "Top"; VariantName = "[No Variations]"
Add component (AddParameter): Name = "External Depth"; Value = "2.7"; VariantName = "[No Variations]"
Add component (AddParameter): Name = "External Length / Height"; Value = "0.85"; VariantName = "[No Variations]"
Add component (AddParameter): Name = "External Width"; Value = "2.1"; VariantName = "[No Variations]"
Add component (AddParameter): Name = "Manufacturer"; Value = "MURATA"; VariantName = "[No Variations]"
Add component (AddParameter): Name = "Manufacturer Part Number"; Value = "PVZ2A104C04B00"; VariantName = "[No Variations]"
Add component (AddParameter): Name = "No. of Turns"; Value = "1"; VariantName = "[No Variations]"
Add component (AddParameter): Name = "Potentiometer Mounting"; Value = "SMD"; VariantName = "[No Variations]"
Add component (AddParameter): Name = "Power Rating"; Value = "50"; VariantName = "[No Variations]"
Add component (AddParameter): Name = "Resistor Element Material"; Value = "Metal Foil"; VariantName = "[No Variations]"
Add component (AddParameter): Name = "Series"; Value = "PVZ2"; VariantName = "[No Variations]"
Add component (AddParameter): Name = "Storage Location"; Value = "PCB Assembly WS"; VariantName = "[No Variations]"
Add component (AddParameter): Name = "Supplier"; Value = "ECE Dept"; VariantName = "[No Variations]"
Add component (AddParameter): Name = "Supplier 1"; Value = "Farnell"; VariantName = "[No Variations]"
Add component (AddParameter): Name = "Supplier Part Number 1"; Value = "1771728"; VariantName = "[No Variations]"
Add component (AddParameter): Name = "Value"; Value = "100K"; VariantName = "[No Variations]"
Added Component: Designator=RV3(PVZ2A)
Add component. Clean all parameters for all variants
Add component (AddParameter): Name = "Adjustment Type"; Value = "Top"; VariantName = "[No Variations]"
Add component (AddParameter): Name = "External Depth"; Value = "2.7"; VariantName = "[No Variations]"
Add component (AddParameter): Name = "External Length / Height"; Value = "0.85"; VariantName = "[No Variations]"
Add component (AddParameter): Name = "External Width"; Value = "2.1"; VariantName = "[No Variations]"
Add component (AddParameter): Name = "Manufacturer"; Value = "MURATA"; VariantName = "[No Variations]"
Add component (AddParameter): Name = "Manufacturer Part Number"; Value = "PVZ2A104C04B00"; VariantName = "[No Variations]"
Add component (AddParameter): Name = "No. of Turns"; Value = "1"; VariantName = "[No Variations]"
Add component (AddParameter): Name = "Potentiometer Mounting"; Value = "SMD"; VariantName = "[No Variations]"
Add component (AddParameter): Name = "Power Rating"; Value = "50"; VariantName = "[No Variations]"
Add component (AddParameter): Name = "Resistor Element Material"; Value = "Metal Foil"; VariantName = "[No Variations]"
Add component (AddParameter): Name = "Series"; Value = "PVZ2"; VariantName = "[No Variations]"
Add component (AddParameter): Name = "Storage Location"; Value = "PCB Assembly WS"; VariantName = "[No Variations]"
Add component (AddParameter): Name = "Supplier"; Value = "ECE Dept"; VariantName = "[No Variations]"
Add component (AddParameter): Name = "Supplier 1"; Value = "Farnell"; VariantName = "[No Variations]"
Add component (AddParameter): Name = "Supplier Part Number 1"; Value = "1771728"; VariantName = "[No Variations]"
Add component (AddParameter): Name = "Value"; Value = "100K"; VariantName = "[No Variations]"
Added Component: Designator=TP1(TP_1206)
Add component. Clean all parameters for all variants
Add component (AddParameter): Name = "Manufacturer"; Value = "Harwin Inc"; VariantName = "[No Variations]"
Add component (AddParameter): Name = "Manufacturer Part Number"; Value = "S1751-46R"; VariantName = "[No Variations]"
Add component (AddParameter): Name = "Manufacturer PN"; Value = ""; VariantName = "[No Variations]"
Add component (AddParameter): Name = "Mounting Type"; Value = "Surface Mount"; VariantName = "[No Variations]"
Add component (AddParameter): Name = "Price"; Value = ""; VariantName = "[No Variations]"
Add component (AddParameter): Name = "Storage Location"; Value = "ProtoPlace"; VariantName = "[No Variations]"
Add component (AddParameter): Name = "Supplier"; Value = "ECE Dept"; VariantName = "[No Variations]"
Add component (AddParameter): Name = "Supplier 1"; Value = "Digi-Key"; VariantName = "[No Variations]"
Add component (AddParameter): Name = "Supplier 2"; Value = "Farnell"; VariantName = "[No Variations]"
Add component (AddParameter): Name = "Supplier Part Number 1"; Value = "952-1478-2-ND"; VariantName = "[No Variations]"
Add component (AddParameter): Name = "Supplier Part Number 2"; Value = "1826282"; VariantName = "[No Variations]"
Add component (AddParameter): Name = "Type"; Value = "PC Test Point"; VariantName = "[No Variations]"
Add component (AddParameter): Name = "Value"; Value = "TP"; VariantName = "[No Variations]"
Add component (AddParameter): Name = "Verify"; Value = ""; VariantName = "[No Variations]"
Added Component: Designator=TP2(TP_1206)
Add component. Clean all parameters for all variants
Add component (AddParameter): Name = "Manufacturer"; Value = "Harwin Inc"; VariantName = "[No Variations]"
Add component (AddParameter): Name = "Manufacturer Part Number"; Value = "S1751-46R"; VariantName = "[No Variations]"
Add component (AddParameter): Name = "Manufacturer PN"; Value = ""; VariantName = "[No Variations]"
Add component (AddParameter): Name = "Mounting Type"; Value = "Surface Mount"; VariantName = "[No Variations]"
Add component (AddParameter): Name = "Price"; Value = ""; VariantName = "[No Variations]"
Add component (AddParameter): Name = "Storage Location"; Value = "ProtoPlace"; VariantName = "[No Variations]"
Add component (AddParameter): Name = "Supplier"; Value = "ECE Dept"; VariantName = "[No Variations]"
Add component (AddParameter): Name = "Supplier 1"; Value = "Digi-Key"; VariantName = "[No Variations]"
Add component (AddParameter): Name = "Supplier 2"; Value = "Farnell"; VariantName = "[No Variations]"
Add component (AddParameter): Name = "Supplier Part Number 1"; Value = "952-1478-2-ND"; VariantName = "[No Variations]"
Add component (AddParameter): Name = "Supplier Part Number 2"; Value = "1826282"; VariantName = "[No Variations]"
Add component (AddParameter): Name = "Type"; Value = "PC Test Point"; VariantName = "[No Variations]"
Add component (AddParameter): Name = "Value"; Value = "TP"; VariantName = "[No Variations]"
Add component (AddParameter): Name = "Verify"; Value = ""; VariantName = "[No Variations]"
Added Component: Designator=TP3(TP_1206)
Add component. Clean all parameters for all variants
Add component (AddParameter): Name = "Manufacturer"; Value = "Harwin Inc"; VariantName = "[No Variations]"
Add component (AddParameter): Name = "Manufacturer Part Number"; Value = "S1751-46R"; VariantName = "[No Variations]"
Add component (AddParameter): Name = "Manufacturer PN"; Value = ""; VariantName = "[No Variations]"
Add component (AddParameter): Name = "Mounting Type"; Value = "Surface Mount"; VariantName = "[No Variations]"
Add component (AddParameter): Name = "Price"; Value = ""; VariantName = "[No Variations]"
Add component (AddParameter): Name = "Storage Location"; Value = "ProtoPlace"; VariantName = "[No Variations]"
Add component (AddParameter): Name = "Supplier"; Value = "ECE Dept"; VariantName = "[No Variations]"
Add component (AddParameter): Name = "Supplier 1"; Value = "Digi-Key"; VariantName = "[No Variations]"
Add component (AddParameter): Name = "Supplier 2"; Value = "Farnell"; VariantName = "[No Variations]"
Add component (AddParameter): Name = "Supplier Part Number 1"; Value = "952-1478-2-ND"; VariantName = "[No Variations]"
Add component (AddParameter): Name = "Supplier Part Number 2"; Value = "1826282"; VariantName = "[No Variations]"
Add component (AddParameter): Name = "Type"; Value = "PC Test Point"; VariantName = "[No Variations]"
Add component (AddParameter): Name = "Value"; Value = "TP"; VariantName = "[No Variations]"
Add component (AddParameter): Name = "Verify"; Value = ""; VariantName = "[No Variations]"
Added Component: Designator=TP4(TP_1206)
Add component. Clean all parameters for all variants
Add component (AddParameter): Name = "Manufacturer"; Value = "Harwin Inc"; VariantName = "[No Variations]"
Add component (AddParameter): Name = "Manufacturer Part Number"; Value = "S1751-46R"; VariantName = "[No Variations]"
Add component (AddParameter): Name = "Manufacturer PN"; Value = ""; VariantName = "[No Variations]"
Add component (AddParameter): Name = "Mounting Type"; Value = "Surface Mount"; VariantName = "[No Variations]"
Add component (AddParameter): Name = "Price"; Value = ""; VariantName = "[No Variations]"
Add component (AddParameter): Name = "Storage Location"; Value = "ProtoPlace"; VariantName = "[No Variations]"
Add component (AddParameter): Name = "Supplier"; Value = "ECE Dept"; VariantName = "[No Variations]"
Add component (AddParameter): Name = "Supplier 1"; Value = "Digi-Key"; VariantName = "[No Variations]"
Add component (AddParameter): Name = "Supplier 2"; Value = "Farnell"; VariantName = "[No Variations]"
Add component (AddParameter): Name = "Supplier Part Number 1"; Value = "952-1478-2-ND"; VariantName = "[No Variations]"
Add component (AddParameter): Name = "Supplier Part Number 2"; Value = "1826282"; VariantName = "[No Variations]"
Add component (AddParameter): Name = "Type"; Value = "PC Test Point"; VariantName = "[No Variations]"
Add component (AddParameter): Name = "Value"; Value = "TP"; VariantName = "[No Variations]"
Add component (AddParameter): Name = "Verify"; Value = ""; VariantName = "[No Variations]"
Added Component: Designator=TP5(TP_1206)
Add component. Clean all parameters for all variants
Add component (AddParameter): Name = "Manufacturer"; Value = "Harwin Inc"; VariantName = "[No Variations]"
Add component (AddParameter): Name = "Manufacturer Part Number"; Value = "S1751-46R"; VariantName = "[No Variations]"
Add component (AddParameter): Name = "Manufacturer PN"; Value = ""; VariantName = "[No Variations]"
Add component (AddParameter): Name = "Mounting Type"; Value = "Surface Mount"; VariantName = "[No Variations]"
Add component (AddParameter): Name = "Price"; Value = ""; VariantName = "[No Variations]"
Add component (AddParameter): Name = "Storage Location"; Value = "ProtoPlace"; VariantName = "[No Variations]"
Add component (AddParameter): Name = "Supplier"; Value = "ECE Dept"; VariantName = "[No Variations]"
Add component (AddParameter): Name = "Supplier 1"; Value = "Digi-Key"; VariantName = "[No Variations]"
Add component (AddParameter): Name = "Supplier 2"; Value = "Farnell"; VariantName = "[No Variations]"
Add component (AddParameter): Name = "Supplier Part Number 1"; Value = "952-1478-2-ND"; VariantName = "[No Variations]"
Add component (AddParameter): Name = "Supplier Part Number 2"; Value = "1826282"; VariantName = "[No Variations]"
Add component (AddParameter): Name = "Type"; Value = "PC Test Point"; VariantName = "[No Variations]"
Add component (AddParameter): Name = "Value"; Value = "TP"; VariantName = "[No Variations]"
Add component (AddParameter): Name = "Verify"; Value = ""; VariantName = "[No Variations]"
Added Component: Designator=TP6(TP_1206)
Add component. Clean all parameters for all variants
Add component (AddParameter): Name = "Manufacturer"; Value = "Harwin Inc"; VariantName = "[No Variations]"
Add component (AddParameter): Name = "Manufacturer Part Number"; Value = "S1751-46R"; VariantName = "[No Variations]"
Add component (AddParameter): Name = "Manufacturer PN"; Value = ""; VariantName = "[No Variations]"
Add component (AddParameter): Name = "Mounting Type"; Value = "Surface Mount"; VariantName = "[No Variations]"
Add component (AddParameter): Name = "Price"; Value = ""; VariantName = "[No Variations]"
Add component (AddParameter): Name = "Storage Location"; Value = "ProtoPlace"; VariantName = "[No Variations]"
Add component (AddParameter): Name = "Supplier"; Value = "ECE Dept"; VariantName = "[No Variations]"
Add component (AddParameter): Name = "Supplier 1"; Value = "Digi-Key"; VariantName = "[No Variations]"
Add component (AddParameter): Name = "Supplier 2"; Value = "Farnell"; VariantName = "[No Variations]"
Add component (AddParameter): Name = "Supplier Part Number 1"; Value = "952-1478-2-ND"; VariantName = "[No Variations]"
Add component (AddParameter): Name = "Supplier Part Number 2"; Value = "1826282"; VariantName = "[No Variations]"
Add component (AddParameter): Name = "Type"; Value = "PC Test Point"; VariantName = "[No Variations]"
Add component (AddParameter): Name = "Value"; Value = "TP"; VariantName = "[No Variations]"
Add component (AddParameter): Name = "Verify"; Value = ""; VariantName = "[No Variations]"
Added Component: Designator=TP7(TP_1206)
Add component. Clean all parameters for all variants
Add component (AddParameter): Name = "Manufacturer"; Value = "Harwin Inc"; VariantName = "[No Variations]"
Add component (AddParameter): Name = "Manufacturer Part Number"; Value = "S1751-46R"; VariantName = "[No Variations]"
Add component (AddParameter): Name = "Manufacturer PN"; Value = ""; VariantName = "[No Variations]"
Add component (AddParameter): Name = "Mounting Type"; Value = "Surface Mount"; VariantName = "[No Variations]"
Add component (AddParameter): Name = "Price"; Value = ""; VariantName = "[No Variations]"
Add component (AddParameter): Name = "Storage Location"; Value = "ProtoPlace"; VariantName = "[No Variations]"
Add component (AddParameter): Name = "Supplier"; Value = "ECE Dept"; VariantName = "[No Variations]"
Add component (AddParameter): Name = "Supplier 1"; Value = "Digi-Key"; VariantName = "[No Variations]"
Add component (AddParameter): Name = "Supplier 2"; Value = "Farnell"; VariantName = "[No Variations]"
Add component (AddParameter): Name = "Supplier Part Number 1"; Value = "952-1478-2-ND"; VariantName = "[No Variations]"
Add component (AddParameter): Name = "Supplier Part Number 2"; Value = "1826282"; VariantName = "[No Variations]"
Add component (AddParameter): Name = "Type"; Value = "PC Test Point"; VariantName = "[No Variations]"
Add component (AddParameter): Name = "Value"; Value = "TP"; VariantName = "[No Variations]"
Add component (AddParameter): Name = "Verify"; Value = ""; VariantName = "[No Variations]"
Added Component: Designator=TP8(TP_1206)
Add component. Clean all parameters for all variants
Add component (AddParameter): Name = "Manufacturer"; Value = "Harwin Inc"; VariantName = "[No Variations]"
Add component (AddParameter): Name = "Manufacturer Part Number"; Value = "S1751-46R"; VariantName = "[No Variations]"
Add component (AddParameter): Name = "Manufacturer PN"; Value = ""; VariantName = "[No Variations]"
Add component (AddParameter): Name = "Mounting Type"; Value = "Surface Mount"; VariantName = "[No Variations]"
Add component (AddParameter): Name = "Price"; Value = ""; VariantName = "[No Variations]"
Add component (AddParameter): Name = "Storage Location"; Value = "ProtoPlace"; VariantName = "[No Variations]"
Add component (AddParameter): Name = "Supplier"; Value = "ECE Dept"; VariantName = "[No Variations]"
Add component (AddParameter): Name = "Supplier 1"; Value = "Digi-Key"; VariantName = "[No Variations]"
Add component (AddParameter): Name = "Supplier 2"; Value = "Farnell"; VariantName = "[No Variations]"
Add component (AddParameter): Name = "Supplier Part Number 1"; Value = "952-1478-2-ND"; VariantName = "[No Variations]"
Add component (AddParameter): Name = "Supplier Part Number 2"; Value = "1826282"; VariantName = "[No Variations]"
Add component (AddParameter): Name = "Type"; Value = "PC Test Point"; VariantName = "[No Variations]"
Add component (AddParameter): Name = "Value"; Value = "TP"; VariantName = "[No Variations]"
Add component (AddParameter): Name = "Verify"; Value = ""; VariantName = "[No Variations]"
Added Component: Designator=TP9(TP_1206)
Add component. Clean all parameters for all variants
Add component (AddParameter): Name = "Manufacturer"; Value = "Harwin Inc"; VariantName = "[No Variations]"
Add component (AddParameter): Name = "Manufacturer Part Number"; Value = "S1751-46R"; VariantName = "[No Variations]"
Add component (AddParameter): Name = "Manufacturer PN"; Value = ""; VariantName = "[No Variations]"
Add component (AddParameter): Name = "Mounting Type"; Value = "Surface Mount"; VariantName = "[No Variations]"
Add component (AddParameter): Name = "Price"; Value = ""; VariantName = "[No Variations]"
Add component (AddParameter): Name = "Storage Location"; Value = "ProtoPlace"; VariantName = "[No Variations]"
Add component (AddParameter): Name = "Supplier"; Value = "ECE Dept"; VariantName = "[No Variations]"
Add component (AddParameter): Name = "Supplier 1"; Value = "Digi-Key"; VariantName = "[No Variations]"
Add component (AddParameter): Name = "Supplier 2"; Value = "Farnell"; VariantName = "[No Variations]"
Add component (AddParameter): Name = "Supplier Part Number 1"; Value = "952-1478-2-ND"; VariantName = "[No Variations]"
Add component (AddParameter): Name = "Supplier Part Number 2"; Value = "1826282"; VariantName = "[No Variations]"
Add component (AddParameter): Name = "Type"; Value = "PC Test Point"; VariantName = "[No Variations]"
Add component (AddParameter): Name = "Value"; Value = "TP"; VariantName = "[No Variations]"
Add component (AddParameter): Name = "Verify"; Value = ""; VariantName = "[No Variations]"
Added Component: Designator=TP10(TP_1206)
Add component. Clean all parameters for all variants
Add component (AddParameter): Name = "Manufacturer"; Value = "Harwin Inc"; VariantName = "[No Variations]"
Add component (AddParameter): Name = "Manufacturer Part Number"; Value = "S1751-46R"; VariantName = "[No Variations]"
Add component (AddParameter): Name = "Manufacturer PN"; Value = ""; VariantName = "[No Variations]"
Add component (AddParameter): Name = "Mounting Type"; Value = "Surface Mount"; VariantName = "[No Variations]"
Add component (AddParameter): Name = "Price"; Value = ""; VariantName = "[No Variations]"
Add component (AddParameter): Name = "Storage Location"; Value = "ProtoPlace"; VariantName = "[No Variations]"
Add component (AddParameter): Name = "Supplier"; Value = "ECE Dept"; VariantName = "[No Variations]"
Add component (AddParameter): Name = "Supplier 1"; Value = "Digi-Key"; VariantName = "[No Variations]"
Add component (AddParameter): Name = "Supplier 2"; Value = "Farnell"; VariantName = "[No Variations]"
Add component (AddParameter): Name = "Supplier Part Number 1"; Value = "952-1478-2-ND"; VariantName = "[No Variations]"
Add component (AddParameter): Name = "Supplier Part Number 2"; Value = "1826282"; VariantName = "[No Variations]"
Add component (AddParameter): Name = "Type"; Value = "PC Test Point"; VariantName = "[No Variations]"
Add component (AddParameter): Name = "Value"; Value = "TP"; VariantName = "[No Variations]"
Add component (AddParameter): Name = "Verify"; Value = ""; VariantName = "[No Variations]"
Added Component: Designator=TP11(TP_1206)
Add component. Clean all parameters for all variants
Add component (AddParameter): Name = "Manufacturer"; Value = "Harwin Inc"; VariantName = "[No Variations]"
Add component (AddParameter): Name = "Manufacturer Part Number"; Value = "S1751-46R"; VariantName = "[No Variations]"
Add component (AddParameter): Name = "Manufacturer PN"; Value = ""; VariantName = "[No Variations]"
Add component (AddParameter): Name = "Mounting Type"; Value = "Surface Mount"; VariantName = "[No Variations]"
Add component (AddParameter): Name = "Price"; Value = ""; VariantName = "[No Variations]"
Add component (AddParameter): Name = "Storage Location"; Value = "ProtoPlace"; VariantName = "[No Variations]"
Add component (AddParameter): Name = "Supplier"; Value = "ECE Dept"; VariantName = "[No Variations]"
Add component (AddParameter): Name = "Supplier 1"; Value = "Digi-Key"; VariantName = "[No Variations]"
Add component (AddParameter): Name = "Supplier 2"; Value = "Farnell"; VariantName = "[No Variations]"
Add component (AddParameter): Name = "Supplier Part Number 1"; Value = "952-1478-2-ND"; VariantName = "[No Variations]"
Add component (AddParameter): Name = "Supplier Part Number 2"; Value = "1826282"; VariantName = "[No Variations]"
Add component (AddParameter): Name = "Type"; Value = "PC Test Point"; VariantName = "[No Variations]"
Add component (AddParameter): Name = "Value"; Value = "TP"; VariantName = "[No Variations]"
Add component (AddParameter): Name = "Verify"; Value = ""; VariantName = "[No Variations]"
Added Component: Designator=TP12(TP_1206)
Add component. Clean all parameters for all variants
Add component (AddParameter): Name = "Manufacturer"; Value = "Harwin Inc"; VariantName = "[No Variations]"
Add component (AddParameter): Name = "Manufacturer Part Number"; Value = "S1751-46R"; VariantName = "[No Variations]"
Add component (AddParameter): Name = "Manufacturer PN"; Value = ""; VariantName = "[No Variations]"
Add component (AddParameter): Name = "Mounting Type"; Value = "Surface Mount"; VariantName = "[No Variations]"
Add component (AddParameter): Name = "Price"; Value = ""; VariantName = "[No Variations]"
Add component (AddParameter): Name = "Storage Location"; Value = "ProtoPlace"; VariantName = "[No Variations]"
Add component (AddParameter): Name = "Supplier"; Value = "ECE Dept"; VariantName = "[No Variations]"
Add component (AddParameter): Name = "Supplier 1"; Value = "Digi-Key"; VariantName = "[No Variations]"
Add component (AddParameter): Name = "Supplier 2"; Value = "Farnell"; VariantName = "[No Variations]"
Add component (AddParameter): Name = "Supplier Part Number 1"; Value = "952-1478-2-ND"; VariantName = "[No Variations]"
Add component (AddParameter): Name = "Supplier Part Number 2"; Value = "1826282"; VariantName = "[No Variations]"
Add component (AddParameter): Name = "Type"; Value = "PC Test Point"; VariantName = "[No Variations]"
Add component (AddParameter): Name = "Value"; Value = "TP"; VariantName = "[No Variations]"
Add component (AddParameter): Name = "Verify"; Value = ""; VariantName = "[No Variations]"
Added Component: Designator=TP13(TP_1206)
Add component. Clean all parameters for all variants
Add component (AddParameter): Name = "Manufacturer"; Value = "Harwin Inc"; VariantName = "[No Variations]"
Add component (AddParameter): Name = "Manufacturer Part Number"; Value = "S1751-46R"; VariantName = "[No Variations]"
Add component (AddParameter): Name = "Manufacturer PN"; Value = ""; VariantName = "[No Variations]"
Add component (AddParameter): Name = "Mounting Type"; Value = "Surface Mount"; VariantName = "[No Variations]"
Add component (AddParameter): Name = "Price"; Value = ""; VariantName = "[No Variations]"
Add component (AddParameter): Name = "Storage Location"; Value = "ProtoPlace"; VariantName = "[No Variations]"
Add component (AddParameter): Name = "Supplier"; Value = "ECE Dept"; VariantName = "[No Variations]"
Add component (AddParameter): Name = "Supplier 1"; Value = "Digi-Key"; VariantName = "[No Variations]"
Add component (AddParameter): Name = "Supplier 2"; Value = "Farnell"; VariantName = "[No Variations]"
Add component (AddParameter): Name = "Supplier Part Number 1"; Value = "952-1478-2-ND"; VariantName = "[No Variations]"
Add component (AddParameter): Name = "Supplier Part Number 2"; Value = "1826282"; VariantName = "[No Variations]"
Add component (AddParameter): Name = "Type"; Value = "PC Test Point"; VariantName = "[No Variations]"
Add component (AddParameter): Name = "Value"; Value = "TP"; VariantName = "[No Variations]"
Add component (AddParameter): Name = "Verify"; Value = ""; VariantName = "[No Variations]"
Added Pin To Net: NetName=2.5V Pin=H2-4
Added Pin To Net: NetName=2.5V Pin=R20-1
Added Pin To Net: NetName=2.5V Pin=TP12-1
Added Net: Name=2.5V
Added Pin To Net: NetName=3.125V Pin=H2-3
Added Pin To Net: NetName=3.125V Pin=R1-2
Added Pin To Net: NetName=3.125V Pin=R4-1
Added Pin To Net: NetName=3.125V Pin=TP10-1
Added Net: Name=3.125V
Added Pin To Net: NetName=5V Pin=C4-1
Added Pin To Net: NetName=5V Pin=C7-1
Added Pin To Net: NetName=5V Pin=C11-1
Added Pin To Net: NetName=5V Pin=C14-1
Added Pin To Net: NetName=5V Pin=H1-1
Added Pin To Net: NetName=5V Pin=H2-1
Added Pin To Net: NetName=5V Pin=IC1-4
Added Pin To Net: NetName=5V Pin=IC3-3
Added Pin To Net: NetName=5V Pin=Q1-1
Added Pin To Net: NetName=5V Pin=R6-2
Added Pin To Net: NetName=5V Pin=R12-1
Added Pin To Net: NetName=5V Pin=R17-2
Added Pin To Net: NetName=5V Pin=TP7-1
Added Net: Name=5V
Added Pin To Net: NetName=12V Pin=C3-1
Added Pin To Net: NetName=12V Pin=C6-1
Added Pin To Net: NetName=12V Pin=IC2-3
Added Pin To Net: NetName=12V Pin=IC3-1
Added Pin To Net: NetName=12V Pin=TP4-1
Added Net: Name=12V
Added Pin To Net: NetName=24V Pin=C2-1
Added Pin To Net: NetName=24V Pin=C5-1
Added Pin To Net: NetName=24V Pin=C8-1
Added Pin To Net: NetName=24V Pin=H6-1
Added Pin To Net: NetName=24V Pin=IC?-7
Added Pin To Net: NetName=24V Pin=L1-1
Added Pin To Net: NetName=24V Pin=TP2-1
Added Net: Name=24V
Added Pin To Net: NetName=GND Pin=C1-1
Added Pin To Net: NetName=GND Pin=C2-2
Added Pin To Net: NetName=GND Pin=C3-2
Added Pin To Net: NetName=GND Pin=C4-2
Added Pin To Net: NetName=GND Pin=C5-2
Added Pin To Net: NetName=GND Pin=C6-2
Added Pin To Net: NetName=GND Pin=C7-2
Added Pin To Net: NetName=GND Pin=C8-2
Added Pin To Net: NetName=GND Pin=C10-2
Added Pin To Net: NetName=GND Pin=C11-2
Added Pin To Net: NetName=GND Pin=C12-1
Added Pin To Net: NetName=GND Pin=C13-2
Added Pin To Net: NetName=GND Pin=C14-2
Added Pin To Net: NetName=GND Pin=H1-3
Added Pin To Net: NetName=GND Pin=H2-2
Added Pin To Net: NetName=GND Pin=H4-2
Added Pin To Net: NetName=GND Pin=H5-2
Added Pin To Net: NetName=GND Pin=H6-2
Added Pin To Net: NetName=GND Pin=IC1-11
Added Pin To Net: NetName=GND Pin=IC2-2
Added Pin To Net: NetName=GND Pin=IC3-2
Added Pin To Net: NetName=GND Pin=IC?-5
Added Pin To Net: NetName=GND Pin=Q2-1
Added Pin To Net: NetName=GND Pin=R3-1
Added Pin To Net: NetName=GND Pin=R7-1
Added Pin To Net: NetName=GND Pin=R8-2
Added Pin To Net: NetName=GND Pin=R11-1
Added Pin To Net: NetName=GND Pin=R23-2
Added Pin To Net: NetName=GND Pin=TP3-1
Added Pin To Net: NetName=GND Pin=TP5-1
Added Pin To Net: NetName=GND Pin=TP8-1
Added Pin To Net: NetName=GND Pin=TP11-1
Added Pin To Net: NetName=GND Pin=TP13-1
Added Net: Name=GND
Added Pin To Net: NetName=NetC1_2 Pin=C1-2
Added Pin To Net: NetName=NetC1_2 Pin=IC1-10
Added Pin To Net: NetName=NetC1_2 Pin=R1-1
Added Net: Name=NetC1_2
Added Pin To Net: NetName=NetC9_1 Pin=C9-1
Added Pin To Net: NetName=NetC9_1 Pin=IC?-1
Added Net: Name=NetC9_1
Added Pin To Net: NetName=NetC9_2 Pin=C9-2
Added Pin To Net: NetName=NetC9_2 Pin=RV3-2
Added Net: Name=NetC9_2
Added Pin To Net: NetName=NetC10_1 Pin=C10-1
Added Pin To Net: NetName=NetC10_1 Pin=IC?-4
Added Pin To Net: NetName=NetC10_1 Pin=RV1-2
Added Net: Name=NetC10_1
Added Pin To Net: NetName=NetC12_2 Pin=C12-2
Added Pin To Net: NetName=NetC12_2 Pin=IC?-3
Added Pin To Net: NetName=NetC12_2 Pin=R14-2
Added Pin To Net: NetName=NetC12_2 Pin=TP9-1
Added Net: Name=NetC12_2
Added Pin To Net: NetName=NetC13_1 Pin=C13-1
Added Pin To Net: NetName=NetC13_1 Pin=Q1-2
Added Pin To Net: NetName=NetC13_1 Pin=R12-2
Added Net: Name=NetC13_1
Added Pin To Net: NetName=NetH1_2 Pin=H1-2
Added Pin To Net: NetName=NetH1_2 Pin=R9-2
Added Pin To Net: NetName=NetH1_2 Pin=R10-1
Added Net: Name=NetH1_2
Added Pin To Net: NetName=NetH3_1 Pin=H3-1
Added Pin To Net: NetName=NetH3_1 Pin=H4-1
Added Net: Name=NetH3_1
Added Pin To Net: NetName=NetH5_1 Pin=H5-1
Added Pin To Net: NetName=NetH5_1 Pin=Q2-3
Added Pin To Net: NetName=NetH5_1 Pin=R17-1
Added Pin To Net: NetName=NetH5_1 Pin=TP6-1
Added Net: Name=NetH5_1
Added Pin To Net: NetName=NetIC1_1 Pin=IC1-1
Added Pin To Net: NetName=NetIC1_1 Pin=R13-2
Added Pin To Net: NetName=NetIC1_1 Pin=R16-1
Added Net: Name=NetIC1_1
Added Pin To Net: NetName=NetIC1_2 Pin=IC1-2
Added Pin To Net: NetName=NetIC1_2 Pin=R13-1
Added Pin To Net: NetName=NetIC1_2 Pin=R15-2
Added Net: Name=NetIC1_2
Added Pin To Net: NetName=NetIC1_3 Pin=IC1-3
Added Pin To Net: NetName=NetIC1_3 Pin=R18-2
Added Pin To Net: NetName=NetIC1_3 Pin=R20-2
Added Net: Name=NetIC1_3
Added Pin To Net: NetName=NetIC1_5 Pin=IC1-5
Added Pin To Net: NetName=NetIC1_5 Pin=R9-1
Added Pin To Net: NetName=NetIC1_5 Pin=R10-2
Added Pin To Net: NetName=NetIC1_5 Pin=R11-2
Added Net: Name=NetIC1_5
Added Pin To Net: NetName=NetIC1_6 Pin=IC1-6
Added Pin To Net: NetName=NetIC1_6 Pin=IC1-7
Added Pin To Net: NetName=NetIC1_6 Pin=R18-1
Added Net: Name=NetIC1_6
Added Pin To Net: NetName=NetIC1_8 Pin=IC1-8
Added Pin To Net: NetName=NetIC1_8 Pin=IC1-9
Added Pin To Net: NetName=NetIC1_8 Pin=R15-1
Added Net: Name=NetIC1_8
Added Pin To Net: NetName=NetIC1_12 Pin=IC1-12
Added Pin To Net: NetName=NetIC1_12 Pin=R4-2
Added Pin To Net: NetName=NetIC1_12 Pin=R5-1
Added Pin To Net: NetName=NetIC1_12 Pin=R7-2
Added Pin To Net: NetName=NetIC1_12 Pin=R21-2
Added Net: Name=NetIC1_12
Added Pin To Net: NetName=NetIC1_13 Pin=IC1-13
Added Pin To Net: NetName=NetIC1_13 Pin=R2-1
Added Pin To Net: NetName=NetIC1_13 Pin=R3-2
Added Net: Name=NetIC1_13
Added Pin To Net: NetName=NetIC1_14 Pin=IC1-14
Added Pin To Net: NetName=NetIC1_14 Pin=R2-2
Added Pin To Net: NetName=NetIC1_14 Pin=R14-1
Added Net: Name=NetIC1_14
Added Pin To Net: NetName=NetIC2_1 Pin=IC2-1
Added Pin To Net: NetName=NetIC2_1 Pin=L1-2
Added Net: Name=NetIC2_1
Added Pin To Net: NetName=NetIC?_2 Pin=IC?-2
Added Pin To Net: NetName=NetIC?_2 Pin=R16-2
Added Pin To Net: NetName=NetIC?_2 Pin=RV2-3
Added Net: Name=NetIC?_2
Added Pin To Net: NetName=NetIC?_6 Pin=IC?-6
Added Pin To Net: NetName=NetIC?_6 Pin=R22-1
Added Pin To Net: NetName=NetIC?_6 Pin=TP1-1
Added Net: Name=NetIC?_6
Added Pin To Net: NetName=NetIC?_8 Pin=IC?-8
Added Pin To Net: NetName=NetIC?_8 Pin=RV1-1
Added Net: Name=NetIC?_8
Added Pin To Net: NetName=NetQ1_3 Pin=Q1-3
Added Pin To Net: NetName=NetQ1_3 Pin=R19-1
Added Net: Name=NetQ1_3
Added Pin To Net: NetName=NetQ2_2 Pin=Q2-2
Added Pin To Net: NetName=NetQ2_2 Pin=R22-2
Added Net: Name=NetQ2_2
Added Pin To Net: NetName=NetR5_2 Pin=R5-2
Added Pin To Net: NetName=NetR5_2 Pin=R6-1
Added Pin To Net: NetName=NetR5_2 Pin=R8-1
Added Net: Name=NetR5_2
Added Pin To Net: NetName=NetR19_2 Pin=R19-2
Added Pin To Net: NetName=NetR19_2 Pin=R21-1
Added Pin To Net: NetName=NetR19_2 Pin=R23-1
Added Net: Name=NetR19_2
Added Pin To Net: NetName=NetRV2_2 Pin=RV2-2
Added Pin To Net: NetName=NetRV2_2 Pin=RV3-3
Added Net: Name=NetRV2_2
Added Class: Name=Connectors&TestPoints
Added Class: Name=main
Added Room: Name=Connectors&TestPoints
Added Room: Name=main
