Change Component Designator: Old Designator=C5 New Designator=C1
Change Component Designator: Old Designator=C6 New Designator=C2
Change Component Designator: Old Designator=C7 New Designator=C3
Change Component Designator: Old Designator=C8 New Designator=C4
Change Component Designator: Old Designator=C9 New Designator=C5
Change Component Designator: Old Designator=R15 New Designator=R6
Change Component Designator: Old Designator=R17 New Designator=R7
Change Component Designator: Old Designator=R18 New Designator=R8
Change Component Designator: Old Designator=R21 New Designator=R9
Change Component Designator: Old Designator=R22 New Designator=R10
Change Component Designator: Old Designator=R23 New Designator=R12
Change Component Designator: Old Designator=R? New Designator=R11
Change Component Designator: Old Designator=R?? New Designator=R1
Change Component Designator: Old Designator=R?? New Designator=R2
Change Component Designator: Old Designator=R?? New Designator=R3
Change Component Designator: Old Designator=R?? New Designator=R4
Change Component Designator: Old Designator=R?? New Designator=R5
Change Component Designator: Old Designator=RV? New Designator=RV1
Change Component Designator: Old Designator=RV? New Designator=RV2
Change Component Designator: Old Designator=RV? New Designator=RV3
