Change Component Designator: Old Designator=C1 New Designator=C5
Change Component Designator: Old Designator=C2 New Designator=C6
Change Component Designator: Old Designator=C3 New Designator=C1
Change Component Designator: Old Designator=C4 New Designator=C2
Change Component Designator: Old Designator=C5 New Designator=C4
Change Component Designator: Old Designator=C?? New Designator=C3
Change Component Designator: Old Designator=C?? New Designator=C7
Change Component Designator: Old Designator=R1 New Designator=R17
Change Component Designator: Old Designator=R2 New Designator=R18
Change Component Designator: Old Designator=R3 New Designator=R19
Change Component Designator: Old Designator=R4 New Designator=R20
Change Component Designator: Old Designator=R5 New Designator=R22
Change Component Designator: Old Designator=R6 New Designator=R10
Change Component Designator: Old Designator=R7 New Designator=R13
Change Component Designator: Old Designator=R8 New Designator=R14
Change Component Designator: Old Designator=R9 New Designator=R16
Change Component Designator: Old Designator=R10 New Designator=R21
Change Component Designator: Old Designator=R11 New Designator=R3
Change Component Designator: Old Designator=R12 New Designator=R23
Change Component Designator: Old Designator=R? New Designator=R2
Change Component Designator: Old Designator=R? New Designator=R6
Change Component Designator: Old Designator=R? New Designator=R9
Change Component Designator: Old Designator=R?? New Designator=R1
Change Component Designator: Old Designator=R?? New Designator=R4
Change Component Designator: Old Designator=R?? New Designator=R5
Change Component Designator: Old Designator=R?? New Designator=R7
Change Component Designator: Old Designator=R?? New Designator=R8
Change Component Designator: Old Designator=R?? New Designator=R11
Change Component Designator: Old Designator=R?? New Designator=R12
Change Component Designator: Old Designator=R?? New Designator=R15
